201  213 2 3 4 5 6 7 8 9 14 17 18 19 20 22 23 24 26 28 29 30 31 32 33 34 35 36 37 38 39 40 41 44 45 46 47 51 52 53 54 55 56 57 58 60 61 62 64 65 66 69 70 71 72 74 76 77 78 79 81 82 84 86 87 88 90 91 92 93 97 99 100 102 105 108 109 110 113 115 117 118 120 122 123 124 125 128 129 130 132 133 134 136 137 138 139 142 144 145 146 147 149 150 153 157 158 159 160 162 163 164 165 166 167 168 169 171 172 173 174 175 176 177 178 179 182 183 184 186 187 188 189 190 191 192 193 194 195 197 198 199 200 202 209 210 211 215 217 218 220 221 222 225 227 228 229 230 231 232 234 235 236 237 238 239 240 241 246 247 248 250 251 252 253 254 255 261 262 263 264 266 267 268 269 270 273 274 275 277 278 279 280 281 283 286 287 291 292 297 298 299
1  242
1  271
1  259
1  12
1  156
1  141
1  265
1  293
1  75
1  256
1  68
1  59
1  112
1  180
1  282
1  288
1  296
1  10
1  185
1  181
1  152
1  285
1  196
1  0
1  114
1  106
1  95
1  243
1  111
1  121
1  212
1  101
1  119
1  127
1  201
1  216
1  96
1  272
1  98
1  11
1  43
1  219
1  258
1  13
1  126
1  161
1  205
1  16
1  104
1  85
1  290
1  48
1  63
1  244
1  206
1  170
1  25
1  80
1  260
1  94
1  135
1  154
1  89
1  131
1  214
1  284
1  49
1  151
1  1
1  249
1  257
1  140
1  67
1  233
1  223
1  224
1  15
1  245
1  143
1  73
1  226
1  203
1  21
1  116
1  294
1  148
1  50
1  204
1  207
1  83
1  208
1  276
1  155
1  295
1  42
1  103
1  289
1  27
1  107
