1  9504
1  2581
2  8890 7013
1  8773
2  203 7270
2  8670 6252
28  2384 719 4725 5631 9638 9906 2441 5953 7133 4846 5125 9172 3110 465 3737 2544 4292 4338 4929 8147 7472 1653 3562 7252 4268 9354 638 3812
4  1178 9970 710 325
4  7468 1135 3696 3712
6  5137 7673 2767 8538 7863 7509
35  7227 6031 7343 6631 9997 1617 810 9608 5429 4134 1812 783 1467 5252 6250 1586 4570 3942 8948 4896 5435 5685 1837 3886 301 4977 8581 9773 7563 4242 317 3349 5737 5407 5889
2  7109 7427
52  2418 3654 9256 5348 2689 1751 1077 9067 5138 4995 5814 4083 7669 251 6770 9309 5345 9200 8507 8223 2886 1398 3106 5024 1600 8275 5972 8867 3250 6872 4474 8433 480 9609 7044 1507 2993 5251 8080 6195 6285 390 8707 4908 7214 7349 6096 2391 756 7202 5845 9568
48  6403 6153 4994 6291 307 3488 9931 3140 1698 4162 2594 7869 8096 7369 1683 421 1658 5011 197 8877 5846 6148 5209 831 3571 6112 1669 7073 8636 4383 7374 6158 6844 7611 5563 791 3576 4813 2287 1731 9427 1095 2100 7951 2259 2583 4149 2103
11  8227 9121 4679 9913 5378 7925 5772 3552 6214 9201 8531
28  7716 2176 563 6321 8878 2015 3647 3321 1105 311 7948 3578 7936 9550 6039 4829 5991 7913 2736 8758 7325 3580 2809 9812 8827 949 2270 1779
33  4435 1700 1906 4835 1183 7942 2549 1237 5607 1457 7921 968 8050 2708 8805 8013 8162 6154 2646 1828 5905 4765 1432 218 5118 9605 3634 1155 8900 4946 2668 3908 5196
26  3202 1560 5809 3364 2797 7167 4772 1896 30 3031 2248 6838 2882 3584 5302 9724 275 2670 9740 1871 2086 196 2444 7542 2037 412
42  474 7282 9062 5374 704 1081 5910 4971 3785 1583 7037 7274 8373 7066 3624 1016 3839 8782 4441 826 654 2894 8528 5789 8704 5132 4831 9245 4001 7107 2604 5926 7083 16 5894 1662 5224 3275 8384 2458 5688 6986
43  9459 549 9313 708 6274 9824 6251 952 1487 2857 6216 6809 9202 2954 3315 3636 6524 7426 1099 4609 5989 9599 7126 8982 2855 1542 2669 8733 1153 4774 5740 5338 8677 3094 3063 2779 8658 2929 8619 6049 62 5030 4131
18  568 5069 8553 6272 6201 4701 4566 2281 9240 9934 6622 8767 2694 9968 7149 1774 1591 7231
23  1992 8530 7801 5623 9971 7476 1680 1403 8606 690 8279 6057 5735 937 9507 6045 401 667 3677 1120 1452 4795 7991
15  4078 7203 1215 9127 4647 1266 8048 3913 3813 663 7330 2611 9055 4925 8246
4  2695 7692 7147 8353
3  5868 3721 6652
11  2009 4123 348 66 422 4990 3949 7162 1422 8671 2119
22  9449 48 8111 3663 9897 1647 7503 546 7466 1062 377 4584 2667 106 2702 3981 7216 9928 9132 78 5353 2218
50  1209 7882 3169 5690 1496 2473 572 3421 544 4557 7490 1392 6680 6808 3827 7221 897 5975 4892 816 6103 9074 280 9667 8960 3377 2777 6290 1914 9722 37 9510 4175 3272 2772 3018 7932 2728 6337 9961 6219 3955 7835 7063 9699 6169 1056 3452 8354 5568
60  5649 8292 5287 5914 6398 1910 6048 5835 4879 7532 7515 4884 4009 866 1702 9407 4357 7132 2390 5597 4997 8601 405 1031 9767 5032 2142 7743 2978 6043 6167 6995 4351 7781 183 6874 5600 6565 3455 9863 6006 9175 9727 4067 4144 6714 4218 5778 8476 6859 3682 4915 5020 1210 9117 6507 7783 5370 4803 2597
25  8184 6412 8796 9712 208 6538 6119 7534 1684 6415 7101 495 7507 6799 7655 9798 6444 2398 905 5558 3982 8121 1125 3152 9629
26  3358 2735 876 4872 3098 4355 7713 9811 6350 9560 1009 7002 9770 1359 7601 5471 5508 7758 8113 2203 1923 818 5265 7586 398 2449
72  4379 9761 7364 92 8504 2033 7191 7092 6024 4403 7665 6247 7448 3190 2930 9424 2260 2810 5632 2407 7609 821 7257 2574 4814 5927 8095 5129 5974 1899 9814 5831 869 5469 4283 9540 6005 7739 4375 911 1549 4413 1231 9426 2446 1374 9184 5037 1128 822 2704 4509 4563 8238 4516 7740 6445 3698 966 5404 3727 7079 4968 899 2643 9260 3637 3681 4811 4691 7888 3898
19  9084 3958 8422 5364 6262 800 3907 5122 1395 7904 6129 5785 5442 693 4264 6234 2684 9894 434
9  7399 506 4957 7075 2000 1785 378 3036 4587
24  8965 303 5892 2967 3154 3428 4212 2863 7689 1980 4569 6728 5734 1741 3550 2308 5143 2535 4473 5694 9530 8986 7094 7626
32  8578 6670 3560 2470 1873 2982 4050 483 6769 9143 9167 9322 7145 3271 1639 355 6898 7015 8193 9992 9319 1539 6915 1049 2487 5333 3506 2820 3943 6276 5108 4553
42  7956 9314 8173 8995 2754 6173 8772 9511 1601 4409 9064 9871 6921 9592 9790 5534 215 2766 947 8603 7142 6571 9038 9226 6883 6864 3862 7980 5418 270 323 1808 3695 3226 7089 1360 4600 3581 8756 1571 9468 1608
8  3629 7729 382 7693 7513 9900 967 3746
42  7005 3972 7615 5293 2864 9700 4446 1931 7356 9834 805 1677 3860 6533 6152 566 2019 9736 8939 6795 3975 4018 1805 6364 6127 5666 3408 9176 5854 2408 2983 1705 3480 9753 9635 4296 5476 6492 170 5939 2090 7460
38  1515 4558 849 2934 4250 2798 4928 427 9036 8908 9719 5787 7279 246 4670 5836 5560 38 7833 5555 7261 3703 2491 2349 4061 5337 7437 2625 4534 4510 7481 5127 6401 1213 8267 2976 9585 1366
3  1757 6856 6316
18  5693 8028 2377 2817 7354 9946 2943 885 44 6599 4193 6419 9094 2891 762 4728 9290 3627
13  4309 9654 8146 4594 3843 2921 4800 1643 1037 4832 6596 1504 2174
19  3253 8653 8991 3325 6710 1 1102 7554 6638 9209 1884 9171 8259 7759 4372 3648 5164 8936 8738
17  7657 6466 1843 3341 8681 5511 3570 4722 5317 8638 7392 342 1428 1045 7483 698 4784
25  5018 4003 6186 9696 9526 1431 1008 7817 7659 1787 1960 3491 9659 9823 1416 8958 4747 8688 1876 4669 1814 4851 5730 8136 6700
2  187 4920
60  9563 8149 2143 5120 210 9382 1200 3022 3605 615 4202 3345 3102 5766 2923 8345 2804 9333 793 3924 774 83 2805 4651 3714 490 6953 3295 3268 3048 6892 7181 9338 9332 7878 36 7390 4401 1280 9149 573 6826 1225 5784 79 7826 7981 1445 140 6723 4530 4422 9986 236 6074 7694 8333 1490 1788 1185
15  5970 6128 2537 8516 9879 4562 26 518 1499 8268 3772 6827 6510 4015 5195
2  8640 8854
9  2465 6645 9830 7707 7791 5104 9072 5075 2460
64  9847 1201 8989 6523 3051 8093 3583 7190 3775 2919 9546 7387 1342 1854 4949 5313 2387 1440 8977 2201 1205 3109 8032 8472 4005 3517 367 6624 4581 3183 6623 1760 6852 6500 653 2750 192 5047 9 7719 2554 2677 2157 1581 845 5616 6978 6088 2606 5055 2321 7436 5361 2152 6294 56 8043 3887 2289 8091 9387 2224 6994 8083
19  2519 2758 7249 3263 4141 9562 1459 2240 2209 2076 1768 2661 8153 7790 6617 7195 5389 5168 5475
37  1315 8157 8059 2178 2999 3897 4524 1243 6531 8966 2489 1578 7652 5078 5363 9786 9034 1687 5114 7212 569 5832 7667 5286 2448 9093 4822 2342 3900 6704 2226 8065 3563 2202 7855 5085 9995
28  3442 5934 5189 9627 1729 6749 1792 1317 5692 216 6605 7259 936 2479 1810 3776 6165 4899 8004 3689 2935 3443 6708 7368 4128 7205 4698 8307
19  1563 3607 4450 5602 4941 6503 9104 9433 1469 5181 5796 8215 3788 814 2162 7543 8016 8922 3777
33  7862 837 2539 4349 2657 177 5567 4074 2057 6930 9754 3859 7749 1179 6379 1466 8444 8033 538 1069 7573 8072 1417 5386 1197 21 7822 9324 402 2023 5959 7508 4866
23  5440 7613 854 9186 2566 4833 6854 6803 1072 5728 2709 6707 8297 5870 9212 5106 6763 5506 6483 3296 3374 3736 8438
24  1335 5089 95 39 5601 6512 4652 6261 6969 475 9576 1281 2600 3082 3468 3338 7342 4585 9392 1458 1101 8407 1257 4244
37  3055 3276 6053 5856 6012 7226 4733 5803 6320 2263 7886 9594 2563 5697 8154 3664 5723 181 5538 9916 6467 2276 2659 8582 4374 3032 4186 7049 5586 5244 9536 1038 939 7223 3346 9476 6111
19  2135 5920 3068 47 5017 4761 2118 1188 2104 6775 2229 582 2439 484 3145 2933 4012 9908 2179
8  4839 4500 6990 7976 2088 7012 2307 4189
28  4494 1679 9515 7564 9474 5101 5700 121 4470 2393 4523 5909 5074 7793 4689 6134 865 9303 5323 7474 7339 9298 6451 4282 1199 8063 4167 3007
15  4948 2660 5381 4885 7275 5695 6422 4247 3466 5933 599 1220 6548 2099 2898
4  4525 1995 4196 6352
9  1900 6327 2751 9965 8493 11 9542 4033 5880
27  9976 5090 9289 128 8120 2840 2322 9673 2691 1261 9281 1226 9915 8019 2862 1646 8690 1378 7058 6997 6479 1558 6494 2169 5841 6870 9326
14  2949 5890 4782 3783 2497 9509 6847 2283 1485 6511 3873 358 5795 6295
5  84 7966 6590 2545 4036
2  1543 570
15  7928 5234 946 2309 8963 9534 6806 1255 5340 3221 594 2621 8911 8460 2841
48  6822 8595 4664 3604 4391 2474 6097 3914 8501 1495 6341 7955 2165 6107 8036 6011 4231 6193 9953 7423 7959 6349 9391 9808 6448 9266 7664 7676 2490 8919 8893 4129 9434 2080 8666 705 9005 4230 488 5248 1813 2067 452 7530 308 204 314 1279
64  9707 3433 6498 2445 1475 4858 1660 6120 5094 1638 5373 536 8494 3372 3673 2769 6722 5188 8148 3163 3216 862 3498 3450 8218 4121 4628 9987 8550 680 9056 9720 8598 7857 5658 7222 9157 8446 5569 7987 8334 3454 4539 8186 1461 4426 9208 4734 4472 5605 2295 2030 6499 2971 6347 331 1919 7031 1385 3538 7616 347 6532 1975
31  5299 9845 6786 3024 6729 146 9130 6222 9138 4481 4914 2060 2323 8609 881 4854 1922 7685 3011 4518 8010 2749 1501 4746 6083 4852 2947 232 9955 6940 356
22  2571 3067 6296 1246 3632 1518 2896 1640 7662 8382 9105 9487 6942 8346 1904 8915 601 3490 1986 4980 5535 1949
19  3869 1146 2147 3976 2074 6168 1326 9631 4482 5285 248 2140 767 7809 5815 8529 4139 5433 1106
15  2356 9412 9087 908 2305 6280 2850 1041 3606 515 6743 9023 7807 6920 8400
44  8175 5187 6089 3802 4544 2505 425 1521 2477 4130 659 4195 7048 244 4327 4623 6902 6829 806 6948 9828 8335 3367 4963 2995 1749 1743 6552 2396 5956 6431 771 7177 72 7583 4578 9755 9435 449 5987 1083 5111 7738 6972
55  7965 6967 4485 5642 7753 333 9224 9153 8281 2433 6975 7939 547 8250 6790 4382 798 1796 5355 1732 3823 9398 1730 4118 2158 7432 8041 1397 2232 1333 4465 1249 7376 5638 2071 3649 5199 3132 8392 3151 7050 1766 2860 620 4991 8117 9285 7775 3953 7607 9161 4827 2890 346 9501
45  9752 8521 1503 3554 9524 5054 9068 1436 7278 1864 896 7143 9652 5782 8243 1947 8687 6582 6491 886 2924 9822 5064 8610 6587 8018 1956 2867 3235 7046 5648 7838 548 5828 4655 8365 8318 3318 4738 6506 6370 1434 2493 8388 4603
39  3156 5556 9998 8064 2468 6443 1448 1389 8293 4787 6059 1924 9221 5463 3598 6636 5175 6709 8286 5614 4336 7923 7345 1124 8469 727 6588 8241 6812 8234 5802 3081 5330 6938 7608 6736 2155 3312 6030
3  2432 9191 9853
13  88 5653 5536 6782 5937 18 5311 3734 2211 3741 2671 2337 4408
74  3708 5335 5541 9890 7631 9949 354 9681 7442 9497 1175 9182 7663 9738 3778 5352 9457 7628 6926 2431 6459 6326 887 678 9587 6611 5680 3144 2222 1505 8052 7578 904 2778 954 1633 6007 5596 5202 5065 4540 2521 900 9454 2598 6317 4759 3529 1234 2914 4157 7163 5964 9792 4918 770 3390 637 6911 2252 9797 9486 7228 5659 5718 5159 383 6876 9711 455 2170 898 828 5077
29  6783 1536 948 1641 1180 3274 5269 5581 5604 6177 3945 6979 2326 9189 5362 8858 4399 8249 1809 7183 5652 4886 7950 4286 1064 6627 8278 4611 7977
1  9393
23  768 6502 9691 5510 5112 1804 8536 9144 7243 4225 1777 1233 2825 9628 3594 7602 2419 9578 5823 9924 2514 1851 6661
25  6002 3092 5369 437 4339 1287 3687 5661 6273 2423 6715 1544 4049 3369 8959 8371 1652 3611 6981 1141 6943 7834 1966 8430 8226
4  4090 9758 7620 9593
2  7429 5043
34  8310 9045 9575 178 6832 2110 8990 9284 4888 6237 2386 9839 8417 1678 7258 8202 9903 6935 2471 4708 6400 3587 8098 5318 8870 9374 9545 5682 9860 1559 3984 6789 2658 9472
11  7475 4471 4867 7086 3592 6696 7918 9328 5208 1748 319
3  4008 9152 1822
95  9619 7230 6875 5626 6742 8220 2115 5014 4328 9101 993 5951 9054 1309 943 2156 934 5702 781 1878 4412 6586 8762 9107 8240 6732 6278 143 8751 8777 2146 33 3456 468 9126 9206 1484 981 4402 269 4181 1694 2824 9308 3600 9580 593 2987 861 6797 6653 8999 4812 4108 9601 6330 1708 1091 5624 3357 8929 2637 3944 5897 9016 3652 9446 82 685 7166 9004 4273 9196 2113 7565 4203 3229 9383 5758 9371 1084 5494 9782 8265 298 2032 5855 6635 2814 8232 7303 9831 7985 7017 9646
47  4094 5746 3793 1644 4347 3974 8014 2760 2220 4989 7516 1051 3228 8869 5969 1140 1282 5967 9553 4699 5736 340 2572 7961 4612 9081 6091 2542 9756 2889 2895 5084 9855 5270 4385 2428 1370 9122 5327 7852 625 9356 167 9096 9618 9932 2475
10  2247 4693 3138 332 5540 2782 200 2484 3890 6937
1  2920
50  7463 3700 5498 3242 4535 9663 5271 4932 2274 1068 9616 1131 1167 6267 8720 6314 4102 9989 7945 6675 4674 5966 735 668 5203 1717 505 3809 9883 5633 5530 9053 2832 2010 2124 5741 2676 2662 2420 4026 4684 9531 1017 2416 1711 8972 4526 7360 4740 7449
45  1066 6966 2731 4205 4940 6397 3508 9489 3339 575 5464 282 6530 9244 4876 4258 7914 2632 1116 8077 1340 9885 7431 1481 804 4766 73 51 6383 8625 2529 5467 6417 1582 4052 9443 2251 2624 2562 3280 3766 4983 345 3388 5013
18  4377 3952 7043 7411 2578 6013 1256 2602 553 5279 4415 7150 2652 9238 2191 6932 9031 1476
12  8967 5497 6058 5847 5405 1027 105 3124 2011 9234 3829 6374
27  677 7061 9478 6962 7761 7771 1092 1596 9119 9730 3332 6299 4678 8757 7973 8045 4361 5448 3730 6303 2097 4960 4478 5807 3365 2590 9969
22  1776 3090 6123 1190 7302 9047 4166 2336 9211 7995 2454 5346 6385 2871 9312 8399 8340 7168 1451 3878 5496 2733
17  672 4838 9346 69 9353 2338 6718 2299 4710 3072 9571 5233 1714 5308 8725 1050 3241
4  1273 7114 3170 3717
9  5192 9636 1524 6068 718 1240 199 3635 4499
23  6263 3104 4428 172 1272 5917 1963 8085 9795 3414 5627 9135 9819 3901 7501 3731 5995 1943 4834 3373 4068 6416 514
1  1097
14  8731 5425 4848 7847 6101 2799 9610 6297 6082 4433 6243 2969 9963 3084
15  700 5553 8574 5748 206 5636 7494 6526 2171 9450 6238 2651 2937 7239 3616
57  1192 9003 6003 8784 428 8766 3225 1627 6454 3319 4376 2442 81 2732 9624 1531 4824 2264 9441 3157 1117 3432 9623 4209 9436 1048 9073 1330 5076 8160 1104 1248 2645 7760 2043 7194 2052 3722 6885 9859 8103 5380 5630 852 2125 4406 8097 8481 7754 6179 3851 3845 2373 10 6211 7533 8980
2  1305 2520
44  9927 4644 5480 7575 7957 1384 8274 4184 3159 2109 7351 527 7497 9355 1668 7340 239 9147 2865 5207 526 8467 5673 9642 7776 1059 2775 5095 6701 4743 7660 5544 1739 4616 4808 4444 3745 1868 1848 7484 2888 3957 5322 4434
20  6912 6901 9920 1323 1637 7876 9805 168 5124 8824 9410 823 5169 100 3818 7209 2207 3493 7365 1622
10  4601 3940 380 8973 9564 6196 1331 7344 8273 9466
17  423 8984 3394 4895 6562 4776 4236 6056 4302 9222 5211 6041 819 1709 4677 2907 5009
16  713 4511 3575 9100 753 8155 1491 3209 7060 3870 8709 1405 2483 2267 5505 7443
61  8950 8566 8021 5572 1177 1588 1530 9666 5532 8883 2713 8047 7363 6821 8330 5305 1747 8935 6406 8814 9006 3027 5985 3967 1840 6495 4073 6726 2151 6184 5583 7651 5133 4992 6600 5073 338 3449 153 6231 9880 2526 1772 8289 4055 9919 6116 8974 5072 9139 8705 5042 7021 5004 692 701 7897 8812 8221 1780 5524
9  6381 8055 2352 8575 7866 8317 8362 6906 3707
64  5717 4648 2788 9044 3461 1489 9255 9401 9028 5550 8214 9075 9516 7812 4163 9228 6727 3469 8510 8987 4802 8686 4871 352 8062 2842 3754 3621 8172 9991 5128 2980 7695 389 7890 5109 4022 9750 3810 8771 2836 341 7617 2628 5044 6573 7603 2046 2196 176 9296 9484 4041 6348 6441 8369 6717 6991 3003 2145 763 4364 7880 5399
6  7070 7329 8104 8586 945 975
49  1867 1381 8425 1797 4029 7213 1940 8825 1367 3744 479 8866 182 8092 4596 6895 31 3028 6343 9873 8802 9861 6108 5096 1184 429 7540 8891 7539 8144 6015 4466 7469 8515 5812 7416 5822 2827 9154 6482 9622 9013 5316 2879 5749 299 8657 6032 1801
22  4758 8020 5466 8734 4952 3711 551 5820 4954 9455 3642 2616 743 7858 5618 8592 1347 5677 9445 2101 3515 1401
69  1138 6689 4208 5827 8676 5336 8233 1321 2282 1925 4817 7327 3006 3060 3320 5483 8181 1696 309 760 8478 4870 6628 7272 8668 5427 1713 5518 8930 5288 7541 577 4945 5945 7233 2655 9235 7294 4650 1890 5595 3431 4334 291 226 503 4771 4381 7887 8135 3582 5706 9519 1548 9108 8356 2183 7367 162 1712 6949 9342 336 521 574 6371 5542 6980 5022
27  4742 3805 6923 6947 7385 8081 6734 4512 2214 1018 4322 619 3917 528 9664 8679 2911 9683 556 2739 3391 3387 8763 2405 5383 2524 2719
49  9514 2523 7319 9246 8746 463 8988 9001 6203 1598 7806 5301 93 4550 6678 8450 6839 612 7967 736 1688 4085 7389 3561 3355 2403 7658 6388 868 7736 4386 6841 6837 6632 6144 7244 1661 165 6668 1917 1060 6390 8797 3304 5839 8683 6950 8910 7905
66  8518 7285 3212 8822 1789 5080 322 361 8200 512 1538 6823 8997 261 7962 8539 9363 3078 3630 9237 3567 2084 8729 2348 9091 6318 5019 8165 2721 8969 9162 3747 6308 149 4025 3237 7217 3660 4427 3096 2575 5918 1807 2317 2699 5319 1858 3440 1162 7033 7634 9173 1927 4488 6768 9982 2650 603 5671 7053 6516 5774 3937 2638 3166 6957
10  2720 9559 3991 5516 7174 9002 6686 8421 7246 2077
11  2883 6724 6245 7638 8488 1570 6693 6973 1147 7219 9024
10  5324 3083 4973 9705 6446 6357 6591 2409 5344 3047
6  7861 4255 7082 8979 2036 7737
17  6277 825 9678 7096 7990 2831 6270 9134 838 1478 4640 5755 7688 4110 87 2168 4304
89  5445 1908 6023 8034 5379 9302 1921 7262 3645 4777 3593 918 7266 1420 670 5470 1283 8547 3186 1781 2345 7587 3161 2051 8755 7148 7009 928 8917 7935 7879 1337 6540 6908 3447 151 7125 4290 7588 2116 3894 8748 923 2762 4136 4590 4688 4135 4843 9533 9943 5573 6047 3902 4770 5350 4950 9150 8872 112 2506 2244 7529 9498 5520 5904 5216 3016 3141 1314 3045 5986 7326 8811 8593 9988 3359 9480 8833 8061 3650 4430 9661 8532 6833 4032 6442 5249 5925
3  2573 2917 8932
27  6815 6544 1855 3294 7277 1755 2412 5226 267 417 3680 9625 3191 9512 3915 7690 7152 4020 98 1550 379 671 8642 1349 2706 5457 4643
24  4058 3257 4706 930 3657 8617 1595 8486 1297 9133 8266 6421 2877 5147 4392 9668 2734 562 2064 0 2298 9703 8943 8386
31  2297 3608 666 7929 4794 6475 7574 5757 5777 9156 9731 1193 3075 8109 8540 3925 4272 4096 1320 3536 3556 6692 779 2740 5005 4515 8764 1957 3764 4155 9825
5  4071 1363 8370 5049 4112
10  7561 9463 1170 4028 1752 5619 2906 9911 8229 7931
12  9305 2654 5351 1441 8571 7679 9263 6589 9570 1189 7383 9177
69  4059 6519 3014 3046 349 7964 6576 469 5753 8156 5978 3641 1195 927 1295 901 6334 4820 8152 3718 6051 535 6955 6676 579 7057 8580 5239 5485 9747 6959 6384 1599 2698 9168 3042 9220 5760 6118 9749 4267 7069 4741 3688 3035 1579 4140 443 1497 316 5342 1052 1341 7996 5545 1961 2329 5232 4729 8119 5591 6998 5973 3853 4905 5443 5150 3903 1425
25  6377 5983 3147 1040 9347 4421 2368 7643 8742 8652 3784 5050 6896 4021 5962 7941 9481 6672 4477 1098 115 2790 6716 9151 4400
14  3817 3833 9109 565 3129 9078 6213 5320 6858 9748 4217 8621 9277 4841
14  3549 8835 2216 4875 7867 1589 9810 8644 7843 9844 929 6067 6681 485
18  6663 5513 9268 7872 5062 3210 4907 7873 4561 4498 6022 7084 6472 4284 5354 6954 7902 848
56  8477 7434 782 6078 6703 8955 5879 9789 2796 6699 5709 523 3874 9370 2557 1791 808 5878 1292 3691 6104 9950 1271 5157 1827 6025 1444 7653 997 4521 4936 8390 1824 4191 4461 1535 5068 7844 8828 370 4289 6077 3353 6988 2757 253 6055 2873 4900 6490 5035 4389 5611 6362 703 8778
10  3307 164 1618 1610 6027 9039 3195 3590 9866 963
34  2718 7804 3167 9996 3193 699 9469 4815 4017 9645 5366 7068 1613 1239 1079 5088 5409 127 6132 6705 604 7656 8496 27 1816 4238 6555 5490 4514 7299 5997 3344 6787 2688
11  6706 448 8726 9146 9120 7035 5977 5825 9977 8311 9781
35  5300 7889 1537 4171 8112 9262 9923 595 225 529 1352 1181 8951 7912 4924 8023 6566 4638 4491 4969 2648 8620 5123 285 7727 1979 9388 6868 5564 3905 8288 7334 7569 8864 7234
18  6541 8323 3430 3232 895 7492 761 9751 6402 2181 9116 8839 9802 7893 631 2050 4436 827
53  5235 2123 9452 2536 1561 5941 3798 7081 1004 8237 9077 790 7459 3559 9829 3850 4281 8463 8424 8327 5923 392 327 587 3755 9589 8057 4185 910 8770 2227 4951 7182 1001 8331 9937 9131 4350 1718 3528 1020 8210 3985 2770 7173 1006 4538 6439 144 6185 3097 8710 2273
14  8708 7435 9306 6304 444 9964 1160 6279 5400 2430 7933 3524 9889 6719
31  3371 190 1328 2859 2945 9113 4845 5689 4489 2268 238 3392 5911 4682 4947 6325 3065 5715 9709 9693 5810 3251 7189 1132 1534 8074 4312 2443 6855 7635 1471
41  2061 8158 3849 8747 6984 6903 5212 6985 3868 3248 4390 7836 2262 960 7170 9008 1242 3679 430 7818 4883 4451 7393 2280 1972 5931 6603 3518 3335 2540 8396 3535 4897 1230 7731 5865 2964 2238 1614 9827 7824
17  606 287 3043 6750 472 7700 8414 3279 4013 263 3064 4091 3069 5029 1207 6453 4319
3  9409 8024 8484
45  8711 9679 1421 4260 2899 1863 8194 3565 6753 300 3482 2385 7010 8996 8555 5929 2478 90 8437 589 1682 7510 4988 689 4810 8549 9716 618 1286 2341 8009 836 8749 2631 1034 304 8903 8692 2620 6423 6772 8576 1905 4198 4487
37  519 7464 7287 3398 3921 984 6810 3077 9941 5016 9110 639 8933 3625 257 9378 5384 5872 8545 2730 2277 3983 7618 926 913 7154 4310 9061 8589 296 9210 3095 436 8313 5806 4996 598
2  7499 3188
3  1269 7198 3236
7  7952 5971 9242 1139 1418 6342 8185
43  769 3435 7245 8876 369 7457 1846 9948 5486 2835 3079 3799 786 6225 7619 2485 50 8170 2256 4974 4004 1740 2093 5419 4745 8525 7419 198 2789 1114 7960 9621 6174 3283 3935 9423 8442 8076 1606 7958 6224 2500 3379
14  7108 6198 7846 4547 6891 9292 1075 2861 7286 2768 6970 732 366 6366
1  2316
32  9140 5255 8584 43 8954 3437 7832 974 5367 8886 3331 2892 1057 3961 1769 1853 7549 5655 4097 8680 1941 9181 6561 1163 8829 2560 5882 8975 250 1358 5754 4262
17  1803 375 5227 3197 2053 2738 6293 3544 439 655 3199 32 6425 3685 3122 292 2187
1  6831
6  7401 6338 7453 9254 5888 9657
47  9675 6658 8440 1339 150 2261 4913 9037 3999 1073 4825 129 6730 450 4321 6018 8992 2190 1262 9835 1654 2186 5578 2462 8628 5852 9704 1161 8685 289 1356 7054 4288 123 834 5121 9301 4261 1881 4504 7300 4589 3837 258 3702 1112 9217
38  6807 7585 6155 3334 8447 7104 6159 2511 1046 7438 5779 5107 5303 7382 2570 6610 9190 5783 1872 5160 6960 6389 1981 2366 5372 6391 2534 8264 3300 1296 6171 1988 1519 2994 9428 970 958 386
8  8329 2436 9429 6805 5838 5866 3393 5853
12  7119 5218 3150 1235 9682 7520 4660 1516 5000 3832 456 5052
6  9325 4072 9837 9379 8952 6386
22  1005 1407 3531 5764 4420 4089 843 5657 5935 6614 2353 2593 4860 3492 6302 8451 5246 3040 597 7055 8364 99
52  4214 1529 2422 7115 9990 2509 5063 8123 5280 2271 8337 5592 6016 4277 406 3723 9304 9227 2049 1254 5179 3619 295 8847 8594 3588 3825 8941 2586 7766 4156 7986 343 5273 9677 4145 4987 9380 5173 3259 3724 7641 4348 391 7937 9532 6221 5859 8700 1247 5398 3402
5  3693 6529 396 5099 5915
34  622 8102 3005 4583 1635 4070 5307 5710 892 6206 442 6741 1970 481 4164 8902 2957 1313 2596 9658 7701 4942 3753 2633 6138 8383 3467 6010 3806 3034 7336 4342 89 3769
18  117 6125 7648 4685 7120 2255 8358 158 3815 3301 6232 5873 6553 5549 3911 3726 882 7317
66  5086 1580 7144 6046 4721 8012 7112 3928 7146 4506 7896 4127 6664 6087 6246 9215 1573 9940 9214 8137 4320 1602 4393 3400 6 9936 4531 1312 2221 4490 3284 86 6433 1898 7311 431 4177 1522 2609 5900 1958 4057 794 7011 6266 7537 3858 6073 8106 6595 8372 6819 7772 321 1962 4909 2839 4911 3107 796 1758 4133 6931 1841 7335 906
20  8703 8892 1984 3929 757 3514 2845 8740 5449 5571 3021 5629 7093 7404 1410 4103 4662 2117 4124 8131
14  3855 4959 9165 3143 3189 4174 3633 2716 6065 9606 7963 7859 6335 1404
20  306 5860 6567 2346 5205 669 6514 432 1301 5204 4976 5942 5368 2193 4126 9198 329 1514 2411 1043
10  6916 2784 5495 8187 4388 5561 740 1753 9939 1468
18  4150 9179 830 3537 3840 5156 9577 5046 4432 6257 7467 8517 980 1823 7131 8122 1082 9766
49  9888 2745 4986 9394 9418 3759 7972 1721 867 1263 3513 5082 6871 9561 4256 2343 7642 252 397 230 6331 6476 1620 1935 8923 2098 2339 2925 6621 8100 5895 2564 8251 8454 4269 7158 7051 4172 648 7251 7307 6136 6440 9922 1594 5811 6828 5459 7268
7  5245 3030 5034 8449 8924 5283 9243
104  1978 7156 832 2781 7386 3038 5981 9697 6863 4000 940 9917 7999 510 2955 6862 8299 5061 3438 467 8270 2532 1832 2213 5166 9643 8107 4620 6414 999 2793 3979 6604 6105 4237 7798 8141 9929 4417 8473 276 7860 835 4919 8049 7461 1889 2325 6655 2039 8432 3980 8863 9021 8813 812 8842 2644 2311 2189 4874 5722 9674 8000 3397 5421 8006 5360 8810 2685 1885 1463 676 9899 9233 1033 748 2785 9389 9665 5136 1719 7313 738 4754 9870 9471 6504 9422 3525 9945 7854 682 7072 9318 3246 1022 4631 7121 5921 7056 9488 884 8623
43  6228 4781 751 8403 8099 7103 2054 6163 8945 8500 1259 6161 7830 2108 711 1930 3909 7764 2612 2035 7271 6579 6156 2164 1338 8511 7647 912 2154 9508 5664 9784 2829 7823 3308 6064 9300 6312 6857 3070 4365 4330 5083
50  7040 4291 152 9477 310 330 8079 381 4396 1676 3420 1913 8795 607 2635 1365 8871 4654 2241 1842 6345 9541 5527 235 9574 8624 3992 3846 7624 5146 9294 522 8441 8456 4287 3322 4726 3037 3423 7159 6592 3175 8635 5644 5290 7593 3932 2435 4967 3162
83  3555 1886 7506 8809 5116 7746 9505 189 6784 1509 5576 4384 159 5603 2107 3203 2388 5221 4397 459 847 7924 2192 9896 6254 9415 4527 8084 4306 3668 5126 5912 7518 2002 4763 9662 7185 2427 6095 4081 1526 2533 5275 6690 7332 5403 2066 9745 324 3954 4837 2849 4956 3153 8276 3303 4598 9279 2083 7780 8011 5493 4926 4599 9491 4577 7022 5144 5528 5745 3941 9772 440 5800 4574 725 5432 4542 3100 8655 555 2725 3348
14  3444 5808 109 7314 4107 5025 4228 6450 326 7975 4207 7666 376 8042
26  4618 6850 6971 4213 7187 1695 6098 6737 1725 969 524 5968 7176 3429 3770 4398 688 6437 4793 5289 4394 7525 4642 4608 8125 202
2  273 775
1  6695
5  8962 2641 7102 6473 2681
11  2869 35 5712 3816 3709 6893 3532 1937 8101 1211 4300
27  734 2591 1874 541 5727 9059 5414 8322 7480 995 4148 7868 5277 5946 7254 746 844 4633 1636 145 2550 3644 2007 792 3441 6845 1726
20  5769 4084 5875 1319 7357 9974 7677 5487 3066 8637 7567 636 3326 2665 8776 9009 9050 5 3223 6145
35  4855 2335 6340 507 7870 4666 7380 8285 1831 5481 5219 5635 272 7267 8664 4714 3044 9160 5998 2048 4046 6301 7926 5105 2568 1393 8401 8659 3330 7556 5098 5884 8702 8985 6487
95  9216 6804 4101 5291 657 1693 2551 6886 283 5097 5139 1953 9095 3224 2833 3238 8 6481 2210 2786 6569 7748 4731 3791 1288 2463 8429 8482 3134 2794 1488 2656 797 5434 1576 4040 3172 9369 1204 2773 6968 1327 7649 7943 9637 6258 1826 5876 722 8552 8865 758 9717 8947 1306 9938 4799 7714 8654 8453 9918 3218 2286 2410 6191 3892 4042 6721 998 9311 2243 5390 8898 8674 1722 5408 8044 3093 795 759 5848 464 675 7527 5857 4158 1887 1318 7036 2724 1003 8921 1019 5606 1150
78  6745 920 6647 7710 4656 353 3609 2355 3507 3751 4356 2753 4756 1891 7794 2875 8830 2246 508 938 5610 3790 5134 7805 1790 5451 8843 833 7207 7415 2989 8182 8051 6793 3811 516 3476 4114 9438 3752 3135 9192 6848 8819 365 3425 777 52 8026 5708 5462 3765 880 1736 6157 2065 9513 9611 3997 6306 9230 6684 613 8027 7712 2063 8721 7175 2091 2027 8231 6637 3881 6256 8697 1449 339 5339
15  4637 4448 5110 5325 9892 3670 3852 7519 1616 2811 3504 2569 9695 1764 6568
16  4887 3988 6744 3375 8614 8554 9846 3694 8998 249 9952 3173 4314 3496 2206 716
13  4307 5371 3384 9503 7787 6762 3789 8788 3807 3112 4035 3205 3970
8  1833 2026 7224 5295 8715 2106 3196 3023
15  4842 656 1508 3116 7884 290 4605 7135 5422 4326 7856 6066 4555 4138 5837
52  222 6936 4116 6408 7774 9125 7067 6040 4380 504 8913 6781 3056 8611 2705 5676 6760 1893 1427 5015 7600 5965 8752 6099 8418 9715 5321 4580 4367 14 4783 6084 1849 1915 1157 5142 5266 1759 1285 466 8964 6166 5726 460 4294 1928 9551 4183 4229 7845 1390 6992
9  5885 864 8736 1852 102 3057 1565 4318 3732
53  6961 9128 1159 3572 7406 4006 3512 8448 4830 5214 7718 1918 517 5191 694 1387 5862 6396 3009 8544 8002 4723 1278 3923 12 8404 7409 7026 2225 616 976 4120 5415 1300 4865 5720 136 1510 9796 8543 9430 8957 626 8069 5543 1929 2208 1134 2813 142 7441 5672 8850
5  957 739 7428 8629 3989
51  4894 3317 318 9813 9569 2961 9765 7742 4476 302 7899 1377 3848 8647 9669 7496 8648 1115 7831 8925 5388 4649 8613 2623 1191 6518 3931 4295 3871 9025 3264 4927 5312 2847 9499 4424 4844 8078 8735 5413 3620 8541 9461 3780 1093 8374 4069 3591 5474 3719 7215
7  24 8263 9604 6956 9817 1738 2330
16  29 3362 6044 2527 9981 853 7263 2304 4503 9742 2434 7292 1533 1945 7917 2068
4  1664 5724 74 9975
2  297 328
16  2944 2559 3891 8713 8548 7546 661 9806 9458 2556 629 1182 5260 1415 1946 6963
69  8204 8262 3866 2132 7465 2617 4961 6227 5261 3725 9315 3363 9791 8465 5365 2029 3713 9582 229 4816 1737 2092 1648 3125 3768 1936 8443 5194 2701 7892 8287 6918 9907 2022 2469 4933 5066 4169 3998 3889 3706 6233 1156 418 5392 6549 6646 8537 2001 3733 7157 1659 1829 5038 3884 1258 9041 1107 2195 8759 8604 9615 3427 9713 3306 9261 8206 1032 6835
30  8088 5424 1206 6329 2426 8435 8426 4437 5377 6455 2975 1169 560 7629 2680 7769 9195 5401 7725 5590 7839 2102 9788 6086 7997 154 687 7982 1611 9111
8  268 7347 8189 2603 6062 9710 5622 85
18  961 8015 9170 1672 6376 53 6572 5984 1171 4210 9688 6286 2215 9801 1164 2587 1763 2351
24  9283 7704 5620 2951 5278 501 9421 1590 4711 3293 8627 3474 4060 6713 3282 5472 1681 7440 9205 4219 6292 3213 4464 3763
81  372 7117 6202 409 482 8588 8410 435 7372 4453 857 6140 2417 8007 8366 9694 4821 3509 9420 586 4340 1612 5268 9734 5670 6880 8799 4690 8551 893 3473 6609 6522 2017 9821 1761 7621 1253 9862 103 9092 6122 7153 600 8565 2231 7528 7819 7522 77 6176 5479 6612 6137 8025 2956 2284 6264 6977 7397 3939 2414 8258 3738 1920 6813 3395 260 2678 1486 7179 8946 5552 7137 3484 9295 534 3244 2763 3927 6860
7  1888 5298 1433 8970 7456 5193 8804
2  2986 8701
20  8520 6404 9826 894 2846 9362 6905 194 2710 8599 7763 5329 4554 6840 4904 9818 6944 2880 8168 8641
2  8342 6139
45  8840 658 8298 5674 9583 2501 6375 5786 8230 7470 5190 6671 6284 1971 9500 1216 8678 4142 3831 486 3834 721 2953 8483 7625 6354 4680 7038 4023 5197 9413 7596 9040 1754 9365 2744 8769 2379 9115 3192 2136 3658 2070 6017 5531
37  1194 445 3990 6135 3368 3779 2649 9385 9579 3354 2495 211 2711 1564 2288 2401 502 8253 2663 5539 9341 7581 9065 7698 2279 7099 5747 5349 7047 6249 5093 8949 3273 8514 3288 7199 5752
22  3281 6641 2034 5256 7407 2272 3547 7630 3757 6253 7240 6554 8907 4513 1329 6217 3803 4037 630 7827 3464 4934
32  9523 2079 7451 8348 1830 2973 1388 3004 7418 9060 220 2389 2476 9086 2381 8427 7322 7201 334 8889 4252 7486 9017 5430 6869 9910 1373 3361 359 3412 4579 6464
11  9799 8768 8110 5678 2245 5684 6659 5792 2072 1455 6248
24  2008 1773 3758 400 1100 5223 110 4425 7895 651 9728 5206 5916 9973 4671 5574 564 1462 9999 9399 5703 4923 3382 903
15  8395 2217 8605 5267 4639 5263 2242 9572 2003 2494 1836 7974 1025 841 2683
17  476 3149 6752 627 6220 9249 5955 5816 4088 2235 4344 8523 660 7276 8761 5238 4541
19  1399 4143 1656 9141 5048 3298 4676 9787 4545 4179 5932 1645 4458 1991 5296 4508 3265 3922 2746
16  3471 9440 7837 2884 9082 2630 7984 3646 8727 2095 6677 7829 5394 76 1912 2885
17  1778 55 1817 2212 6269 1597 9732 2087 8656 8841 6945 4280 5577 4265 3401 5509 3171
13  5341 7116 6239 1625 1723 9042 6825 4493 7312 8367 7732 9537 1587
122  9864 6115 6740 3640 1090 4836 6199 5919 3314 387 2958 820 5979 8402 959 281 7726 2040 7894 7898 8533 5306 1348 1464 1584 4921 2910 9584 5725 3231 6683 8691 8159 8416 3710 1934 8760 2021 1368 65 9106 9607 4104 4221 4736 4062 4856 9882 9914 890 2622 6800 7998 1715 4675 173 5742 8961 1316 4626 3489 9148 1998 3962 7735 5357 4993 7402 859 6143 964 6486 8471 9250 7353 8129 2148 4567 9470 539 9193 5326 3234 1094 1786 4903 809 288 1850 6543 6130 3053 2567 2062 4878 8524 5258 9520 2358 1026 4369 1933 8512 914 6014 6204 9447 6117 7800 8689 6996 2991 1666 8068 4850 9359 2451 2834 8294 7417 1572 217
8  2912 4170 9377 3865 6410 3601 2856 5566
20  4687 9979 9267 3821 1221 8040 9815 7255 6265 5554 6447 754 3948 9778 6240 8428 6625 7462 7062 9983
74  2576 6558 4935 3739 4233 8832 9030 9869 530 8207 4863 4910 2455 2440 2399 1252 9972 454 8118 4274 1968 5780 7171 6172 91 6407 8339 2467 7691 3499 1429 1875 5059 3767 576 2025 9632 987 4653 8075 1176 1568 1391 4625 2607 2365 7674 264 94 983 3516 2965 8522 7598 3260 4484 5003 2361 7052 807 9010 2318 3950 8487 5242 6209 1350 6941 3002 6323 2905 2502 3995 9596
30  5332 5598 8073 8739 1142 4624 5060 8820 9741 9272 5310 2292 3155 7915 5452 3211 8857 7770 9089 6925 2184 138 3133 1322 9978 6187 9554 4549 3808 2340
117  6913 9581 8462 5996 7366 2397 3277 6824 5247 5039 1800 7796 3463 2177 6146 2228 1771 953 9270 991 7594 2636 5155 255 3356 1911 1897 6363 8646 7384 9779 8906 9029 5391 4916 2765 1308 9085 4378 870 6556 4082 3568 5675 855 6124 3926 545 8360 7875 4076 803 3352 6033 6777 6802 5525 6469 8248 3091 3628 9416 7706 7095 8201 7930 8844 3483 7584 5416 8567 7388 139 1965 471 8039 9425 5257 1989 7124 609 6180 3960 525 4333 5840 941 3342 8280 8347 7622 2584 1554 3419 745 752 6528 9386 1650 6072 605 824 4962 3012 2312 8319 5821 3838 8211 3665 3255 424 9614 962 6242 2138 6853
9  4788 4536 4410 313 9769 161 2741 4329 7208
20  4346 3227 9684 1907 7672 7650 6452 592 4235 6619 9330 7502 4459 1604 4912 5589 7260 2634 5763 4454
54  157 3451 120 1250 193 3120 247 8527 2130 3313 8178 8163 6458 3994 6613 8535 8618 2627 9334 4622 6919 2897 5225 7111 2848 3289 2055 3857 3386 3286 8171 224 8350 4243 3380 1948 4891 9329 3969 8874 3458 9573 557 2163 6063 7795 1212 8217 4955 3618 3617 8301 3569 8789
26  7110 1973 5161 9852 5358 9763 6190 277 933 3786 9613 6711 1223 492 9702 552 6577 7670 4239 1108 917 520 7304 2038 1704 681
15  5982 4495 7293 7909 1386 2486 3146 3305 7100 5849 2815 6411 9942 9648 68
7  3103 6618 4007 8379 6814 2122 8800
2  6160 3148
4  1735 4414 1674 1276
2  6965 7318
57  1866 9595 4869 3502 6356 1844 4704 1465 1245 4595 5036 1974 4452 4727 1053 9725 4053 2350 1839 4801 7703 1011 4176 8436 5186 2334 3599 7160 500 5906 2150 9762 3158 3820 2555 4732 7500 45 8875 6229 6309 6667 2517 9518 8914 7728 6432 4501 4362 205 7400 8439 647 5215 1400 4187 3888
78  6424 3596 3269 9155 5519 4868 6462 1699 5395 2940 2421 9169 2172 540 4445 2300 7350 8385 9494 3965 6465 2253 3405 6993 7814 2376 2608 1148 6461 2821 4332 6052 3347 1909 6060 3500 3656 7733 9396 5714 1137 8897 5646 1892 8718 3690 4695 4606 7123 5988 811 8612 6585 8519 994 590 4716 8884 8862 4790 5230 737 3478 4241 1701 2134 2618 1304 5790 1055 6650 5547 3586 840 6210 7375 59 5174
4  2941 9276 174 9566
23  5716 2006 8303 4537 8786 233 2198 4507 3510 608 8968 3947 2690 1267 4661 9297 2167 3411 3434 8860 1109 1859 6188
27  580 5491 2512 955 4324 6665 8145 2133 6521 2219 1074 7722 4077 5833 1728 3626 3792 4735 8070 1903 3671 5551 9714 8861 9129 8082 5460
14  585 4873 5593 3230 9634 5930 1894 2553 6666 4039 6687 2371 5761 1775
14  499 8406 7320 7901 6581 2319 9368 1396 5801 7004 3121 8826 3292 1071
16  2020 3108 856 1628 2614 924 2488 4943 6867 3933 4215 4431 1793 3835 5797 8255
10  7141 1997 5158 57 1430 9947 5756 3328 1592 7755
56  7799 817 7471 5990 7548 5023 684 4906 1307 6983 6281 7178 1042 5651 702 9223 3872 5533 2013 1847 8222 9280 7784 8503 1202 6358 3415 7606 9432 3742 4180 60 7297 1133 1938 6534 4861 2806 5051 1969 623 4354 8888 8183 5922 3041 3417 131 8089 1983 491 3113 4308 8282 9123 9909
30  8728 9320 4773 7301 4496 9248 8645 2565 8316 1716 4224 2374 5250 7362 6757 8662 2234 7592 6106 9701 6751 3505 5907 3085 4031 8312 7370 3782 9482 7361
6  8179 1067 1054 5711 5507 2881
5  3008 5237 1024 245 6307
7  7640 3088 4159 9849 5824 509 5770
2  6607 8557
14  9901 493 2963 9556 4636 7477 1294 6989 3181 5087 3904 8272 674 8737
51  7911 8302 6076 6029 8940 5663 9549 8466 6497 1126 5231 8912 5938 785 3087 2258 2792 8558 7910 7358 8315 9124 5765 5594 312 7828 362 446 4737 2069 2647 1426 6929 1241 9529 3996 1103 6369 1540 3864 1520 3678 4999 532 8409 1556 919 5461 764 6355 237
16  3457 4064 973 4165 8971 3511 25 487 7504 2619 4694 7786 5739 4529 1782 6131
4  7346 3743 513 6547
12  3539 6456 3184 4823 4315 360 1585 1619 7184 221 5148 3128
1  5406
61  3025 2233 8224 5887 6951 7610 3854 2599 1424 7305 8926 5041 2722 4263 5040 133 3285 8807 2078 2332 5171 4768 9800 6382 2682 8526 2354 9400 4769 8321 6019 265 8352 8508 8724 6035 9956 6788 3460 3971 4226 8834 9960 2998 7039 9307 7087 1408 8130 2764 1419 7310 4901 8602 1479 8391 7413 2592 2697 6070 3310
8  364 873 7229 6735 7398 9364 7636 4632
44  7088 489 7405 7797 6282 8357 9966 385 9650 8607 5446 8490 7702 9850 8138 635 5334 7789 4568 5058 2926 1088 9993 7001 1939 5057 8808 7424 8008 1454 2073 7881 4311 7138 3781 3185 8001 9558 3749 6113 5458 778 6170 9097
11  3692 6615 8976 4486 8684 3533 7938 7412 5439 7269 4519
18  6649 6493 720 6420 7430 533 9543 3800 2182 5940 8556 5944 231 6271 3631 5504 8375 1343
64  2774 4048 1784 3329 4614 22 5565 8166 3551 9331 4881 7454 4890 9239 4789 1770 3495 6061 3262 42 9079 2197 9442 7331 9877 996 4259 9651 7646 634 5548 2903 223 1857 8873 8361 7250 9269 3674 9395 6608 1493 2285 1291 7741 3844 2950 875 1450 470 5274 4621 4438 8495 4565 116 34 5575 3841 9348 6776 8283 8308 1951
23  8509 6851 965 1959 9287 2642 2916 2992 6818 5662 4602 3058 2997 9118 4645 4709 8188 4659 6834 7969 8887 4604 6324
69  583 315 2838 4065 9286 6922 4246 956 3938 7680 1364 550 4353 5526 6746 6114 6865 1944 4937 350 4117 4113 4853 7614 163 7724 1541 9980 7242 3118 6259 7306 6651 1895 7908 7545 9760 4192 571 8461 673 1268 931 2579 7970 2674 3956 4576 5947 8405 2328 5643 1742 5200 8124 1483 413 9051 6640 1144 5028 8180 8706 5328 2302 8005 1070 7473 9465
16  61 842 628 8846 9959 207 2459 5149 2918 3794 4849 4240 3383 8196 8643 4917
46  5343 2538 2714 4862 922 1806 7582 3061 7551 4982 125 1545 1382 5220 5729 1727 8197 2004 9902 9275 5738 6755 8143 8779 7531 28 8314 8821 2936 9886 2700 7273 1932 8381 801 8714 1506 8355 6817 4462 8765 5683 4253 3720 2363 5145
25  5304 9397 1756 2909 9103 9231 7757 9361 4718 8431 2844 6820 7599 5411 9358 3436 9994 2504 2959 4582 6405 7568 3543 3522 9014
2  6694 5228
6  6633 9166 7820 4681 4395 3912
1  741
14  4011 1528 2780 7557 7637 2466 6037 7155 8994 9895 2239 2018 7447 8394
53  5222 7993 1609 9851 4730 3796 7521 5733 8242 4075 3178 2159 2129 3856 2756 3389 3201 537 8359 6778 6436 8115 9112 3266 8817 5259 3139 2990 2870 6673 6236 2188 7485 9905 6616 8626 6731 2266 8899 9590 4551 4199 7744 7290 5750 4859 5813 8579 4132 6207 5276 2588 4760
12  1993 9944 5686 9485 4705 8245 5660 871 2105 8785 6559 1290
52  368 4586 1369 4798 4331 1325 2966 9265 64 4672 5297 7841 765 4480 1270 8474 2727 7589 7059 915 3407 8408 8634 2902 5776 7756 3131 879 7644 5588 4757 5781 8837 664 2707 6792 2392 5081 6428 20 3880 7161 5501 9517 6260 7825 5253 8054 3883 8022 8377 2508
3  8420 7130 5529
52  1353 2112 9012 403 7014 374 8851 3099 7445 4249 8324 3261 8608 1244 8781 7308 7850 8794 9088 8934 8880 3899 1063 3479 1354 411 747 9058 407 8066 5960 9417 7324 6890 3302 891 9451 148 3882 5447 1437 1798 5264 2830 5871 5641 6435 5410 9984 9339 4010 6796
15  5091 7355 4467 7877 1121 4630 5282 4629 2626 9164 5503 9180 137 3165 5861
62  4066 1860 5500 2915 5517 1697 7768 8277 4635 8978 9832 2205 1236 1217 6939 9142 4442 9547 6773 3573 279 6542 8325 5420 278 357 3351 1154 6897 6816 1058 9213 863 4335 6142 1566 3142 6798 3130 5639 4663 4051 6525 5570 787 6754 4439 6175 6429 7291 4619 6564 7420 7767 4505 7675 9522 7511 3771 5010 1036 2331
2  8564 4200
33  8559 5743 5213 3426 6192 2180 8831 7211 2939 1474 1626 1667 3701 7034 8368 8633 9535 3217 6520 2058 8744 7765 3252 7241 6964 5151 5177 4797 9063 4447 7127 8853 3653
15  8675 2265 9739 3893 9780 1870 3052 7024 1649 4044 5102 4173 6785 1982 6339
23  6879 3291 3564 6480 6244 2250 9057 5791 7204 2629 5580 8499 6275 1303 9875 1086 6311 7597 7348 2853 8341 4556 228
4  9954 2327 3651 1438
52  9411 5347 9640 6836 3477 2585 7558 9842 7555 990 6570 8938 9868 7134 2320 4930 8909 5170 9475 7547 6830 7482 9043 126 5262 8693 3494 7560 3222 695 4998 3683 2301 944 2114 49 5949 4363 650 9203 3676 7283 8205 4700 5130 6702 7803 9340 9771 8849 7136 7946
34  6952 726 6409 7446 8198 3290 5701 6698 4966 5412 6759 4847 2816 478 7200 2380 3059 3485 9253 2081 2199 3801 588 1673 6557 2111 4182 451 1151 5759 706 9893 5254 6328
13  7779 9291 1651 902 1593 7684 6164 3459 7422 2370 3797 3612 5667
36  8271 5359 1251 4223 2293 6907 1168 6319 6904 175 6372 4571 7947 7491 5079 6477 6535 9271 2726 9525 101 7523 1380 2822 7544 1044 5669 8716 1039 7954 712 9891 6934 8894 8269 6194
12  8086 7927 3396 1186 5732 4502 4673 6182 7256 1511 6999 4147
7  4475 498 8351 5621 135 8823 7337
105  9207 9071 7206 4657 497 989 6517 2382 6413 4593 156 8030 5994 8176 5031 6121 4278 2204 4407 1078 728 9630 4805 5705 1402 5292 2960 1690 9548 7978 7734 3613 1035 4190 3101 8993 4429 1289 8169 1629 8415 1275 733 2016 7538 1065 7944 1976 4419 6629 7106 6846 9185 5625 6020 8673 3207 1284 9686 8931 6509 6505 155 4978 4715 5002 731 8672 7802 7505 7720 186 3179 373 2723 6050 1691 3964 6761 6028 3934 9099 7421 9404 404 860 1877 8139 5843 8056 6100 4151 8723 2131 7526 1577 1675 8455 652 5609 2743 3716 6071 9777 788
15  9483 9187 8630 8209 209 166 8479 4337 1552 3814 5515 2450 410 1825 4610
10  5902 3541 2866 2518 6634 2904 7988 7041 6639 9159
28  610 4016 7683 3585 6575 5240 9743 2673 9858 2979 1198 3523 1265 5898 3916 9807 2012 9588 7333 8885 8732 6075 7721 3526 3638 3659 5152 9591
14  1208 8071 3381 3168 9011 3875 419 511 3114 9464 9680 9930 4359 4970
40  3239 7686 2639 3795 8791 4301 4613 3906 4658 8219 8665 6380 5375 7788 8177 6226 7091 1047 1720 9247 2452 7750 122 1525 686 274 9366 7570 5184 5537 6102 6042 2437 3416 8616 7007 6982 8304 4809 2595
25  9670 7186 9544 2742 2928 6747 2230 3424 935 697 1260 3830 872 284 2783 8719 3729 6527 7097 9804 839 8803 4807 4299 41
22  4098 6756 7196 8203 8563 1023 8328 212 5006 4975 9672 7550 784 3804 75 2801 621 3324 1413 7003 8600 3164
17  2278 776 5210 3534 6987 7842 4125 5092 8031 2561 5768 2383 4122 4804 5793 8845 3553
13  113 1685 950 3602 6515 5650 1061 7113 5584 3194 9273 1557 7762
1  1815
57  2507 1406 3910 2031 979 2693 462 5070 6426 8631 7169 9655 1480 8505 2045 3501 9183 1964 8591 4188 171 1145 3413 9194 8513 201 8247 4345 6205 4460 3756 9335 7708 8387 6539 3861 9080 414 9600 1028 1122 3071 5450 8712 9197 6288 2530 4047 2755 4750 3643 6748 4592 8480 9776 5665 2818
39  4882 4880 643 6336 4063 4713 3439 5952 7916 2696 6346 169 9647 8806 531 6026 9225 2580 6602 9848 8590 8291 7645 7352 2364 4979 8067 6387 5958 8649 1229 9867 6861 256 8127 6679 9372 6774 8199
13  1879 5668 7572 7668 846 4703 3418 254 6333 180 461 691 2275
34  2429 1218 9586 8309 6255 4109 5185 9048 5454 7478 9603 351 2968 9178 6092 1021 2759 1362 4271 8132 6501 6468 7559 2014 6287 2962 2223 4922 8983 6489 1379 5928 9660 1127
13  4352 1724 3735 7498 2121 6910 542 4227 7940 2515 5514 3278 7604
14  1880 5402 5387 5393 271 2269 2582 2876 7853 4423 5950 6560 214 5309
10  8587 6884 2424 7408 1423 1298 2522 7723 2236 3446
6  7711 8376 2802 3959 2938 8741
31  9020 7903 5465 649 4045 8534 7296 7627 9838 5140 9000 2498 395 4086 7065 8491 4667 1470 4043 7900 5794 6642 8126 5901 8134 9462 4014 2601 2513 5417 3323
19  9626 2041 559 6034 6537 992 5830 8445 241 3879 3270 6648 6133 645 5135 7840 8615 9419 3370
18  219 907 1665 1802 2094 4702 4303 438 4463 6914 9759 5521 4161 8468 3343 5131 6594 5162
59  6794 6189 8783 4575 8254 7792 4686 1655 2056 8464 3050 611 8937 1555 2787 2952 6378 4266 6085 5582 4343 8225 4818 9376 1967 9785 2851 1513 3039 5154 7006 9479 2375 641 724 2 1012 5804 2715 8650 8105 1394 9026 4533 9049 3137 5026 7077 2438 7090 3963 3610 67 3574 2808 8108 3699 543 9843
2  3655 2748
23  8290 3546 2128 7452 5691 8053 642 5272 8256 2692 9502 9414 8663 4668 1172 4416 4707 9857 1607 9373 6183 2096 1575
20  6418 9137 5437 9158 5579 2173 7730 2075 4119 8116 7777 5444 7632 646 1811 6660 717 5165 1657 6691
25  4027 3667 5721 7210 7379 7180 5628 9257 5834 5775 4095 3219 5056 3243 9841 7989 2249 3350 7639 1987 5634 1795 1076 4627 4298
32  9925 6662 7028 4958 8378 3867 7971 2362 8038 4792 5100 7699 4152 7871 6008 9774 3299 1926 6928 766 1546 4323 8855 1999 877 1916 1089 8754 9344 8349 393 4719
22  4411 2589 7687 8300 8506 7745 2675 8780 8228 8667 1631 9357 8585 5045 408 3986 3824 6081 9539 2640 5713 4497
23  1794 1977 5704 8470 8261 3115 1310 4591 8881 5180 9783 8284 2837 7298 3123 4325 2400 9706 3487 7192 3828 4483 6712
39  8029 3311 6004 6924 7316 4696 5851 2413 3406 6801 7016 7552 9967 1371 1357 3233 4316 5943 985 7018 2372 2472 1954 5773 5423 932 8114 8208 8639 5613 8423 8577 9069 4313 4753 9439 9689 3254 9692
18  9252 7709 19 2942 3160 7085 7934 802 6601 6399 5751 6580 5656 1845 9022 6353 4893 134
46  6361 8774 7284 6457 6563 6069 9620 1835 3885 5477 4245 5012 2360 4724 1942 1901 9708 2913 815 441 7076 3503 7848 5183 305 1707 5681 2499 8583 363 9958 1187 7661 6620 1706 8252 5980 2712 104 4234 4517 227 3376 2294 7815 8920
12  4877 1605 4297 5482 1277 473 4573 7591 3545 5645 6545 7371
13  7891 1113 5948 4720 3669 2900 4317 1686 9033 6643 2546 3672 9444
68  6900 3249 6200 5441 5744 4588 4404 6550 3073 921 5557 7816 7811 8191 6313 2480 6597 3366 3993 8037 5913 8412 6484 4366 2972 4449 1166 9644 4206 4767 1820 7488 243 9884 9490 1130 1818 1783 2024 1882 4543 4985 4093 4092 2153 1624 9163 9136 5908 2237 9460 4457 344 1615 2672 1214 9565 5993 2858 7439 9598 1621 6894 1007 2752 2257 7752 5103
29  2324 5699 2887 7193 6882 7562 3622 2395 9015 2141 5559 561 4840 6866 6235 4204 2089 1819 6974 2874 7341 7949 5163 3127 3174 2737 6574 9718 6644
36  789 1838 9282 6536 1869 6470 6212 4779 8216 8320 1642 9793 8717 6685 5896 6093 2679 5294 6147 9878 4220 9764 7968 8452 5817 8622 5637 2492 7906 3520 4305 3080 3836 6151 2610 662
17  2313 1376 6669 2981 640 3966 6359 1985 1862 2543 7118 6036 5115 7378 750 7027 3822
9  2828 3740 8133 7236 3105 6474 1500 8868 1744
33  9090 6485 6849 9744 3557 7373 9274 4194 5176 320 4211 4019 4111 1203 624 1603 1532 7414 8150 3750 9299 2402 4564 3597 7045 4634 6223 2042 6181 9321 2931 4981 8017
14  7064 7922 9199 6009 3054 7535 6305 7433 2059 7253 942 2984 1553 9617
29  6767 8573 7394 1435 5640 1473 4257 5731 7235 2456 1456 7151 2819 6434 70 9721 3378 2922 1865 707 7042 5436 749 5819 6881 2200 1472 5874 5798
10  1228 730 4154 3475 8434 6298 4692 9403 5385 3470
6  6150 3527 986 4275 6889 925
22  3333 5113 4528 4665 977 9735 23 1527 9633 951 780 6360 9926 8918 7164 9258 2447 1671 5963 1502 3001 5007
7  2531 8167 584 8597 2044 709 2394
17  554 7000 773 7907 2948 8981 1710 4775 6178 286 4105 7080 8730 5608 6674 9687 4532
2  8192 8698
53  3936 1002 3410 9685 9768 9278 3748 8775 4898 3705 5826 7139 9904 9528 6887 3297 132 5936 2800 9204 1238 2932 5492 2761 3019 4755 7128 7030 858 9174 5762 8660 1174 5842 8568 6427 5707 5397 2028 2803 8457 3187 5612 988 426 6766 3089 2812 8570 5315 416 5229 1196
27  7849 8882 2126 97 8094 2406 4607 4099 1453 617 388 46 1745 1355 2482 1085 2369 8818 2747 3309 9794 3240 5788 7487 2194 8235 7495
17  7444 8787 8699 772 2613 6197 3062 8694 1494 9070 5844 9962 6657 5067 4248 1344 8492
8  9698 3220 1634 596 9951 7323 5864 1692
17  2296 6141 2333 5071 9557 9345 4938 4115 2686 6771 3666 1498 6351 5053 5468 3472 496
11  4056 5891 3987 1087 4197 2516 7391 5376 1562 7751 3863
42  2166 4953 8035 3086 3615 266 1460 6842 4646 2577 5314 7782 5243 9456 3973 293 7403 1834 909 453 5178 5438 9032 6899 4216 4178 7225 4931 3177 8393 7105 4972 3206 9921 5236 1080 4146 6109 5488 191 8389 7
10  6780 262 4468 7321 8669 9933 3399 7071 5924 4864
37  1332 4387 457 5698 5954 5818 916 1670 5999 5893 558 8896 9188 5863 6720 9076 2510 7247 7747 2085 2303 888 9236 6230 8305 337 4548 3497 1703 5546 5331 8561 7851 9726 7979 240 4889
15  6843 7295 3385 8944 4030 6215 9453 179 6001 4201 3639 1765 160 1361 2868
16  7455 1994 2425 7122 1000 5182 7579 8856 4024 9492 7883 8128 6739 3117 8236 2776
11  3245 9935 3760 9406 8792 1013 7019 494 7682 4469 4806
16  5881 9602 4002 3877 4038 7671 7623 7517 5585 2666 1442 2149 1950 7919 5119 2826
100  8306 1447 2791 5241 5799 2653 2525 8244 147 2977 8953 9639 9288 9912 4828 4944 3930 8239 5001 4939 6367 7078 715 5478 4552 714 5284 683 6888 581 4443 3 4106 1123 8745 5172 5992 8140 3340 742 2139 5117 3256 7220 1029 7536 5217 2996 2306 7218 7029 5153 3728 9310 3558 8497 9098 2120 3020 6878 8859 9840 6395 6551 7885 9555 9007 4780 7983 9676 8411 1336 1663 259 6368 6933 5431 8195 7577 5617 1482 5883 111 5198 2703 9336 4054 1015 8046 8790 7681 2946 1129 9746 9493 2985 8572 5599 1014 6598
33  3049 6000 8419 3453 7172 119 5453 141 9538 9337 8343 2461 2175 5587 9597 2378 6811 96 4360 6758 3704 3214 5281 8651 5522 8753 4748 1990 1224 3481 6054 5696 8003
11  4717 394 5719 5484 6682 4440 3316 3968 4232 4522 9241
1  9820
21  3697 1734 5829 7265 5877 4100 4712 6733 5512 3919 5396 1345 433 8087 4160 2664 3204 1293 3589 1569 1547
49  477 1010 9874 6430 3403 1302 3623 6268 3896 9027 2314 2558 8815 9264 8956 2315 9408 1299 8560 850 4373 1750 3920 6289 6738 420 8498 8927 3577 9102 3519 7032 6471 1477 3684 851 5456 7590 3662 6791 2047 8905 6126 7571 8852 335 6079 1856 1996
2  1512 3176
79  9046 7020 5562 3826 3773 4826 3566 3445 2605 8546 1143 8816 7580 4285 8338 5957 633 9527 8596 5008 4819 7025 578 2291 1152 9035 1443 7778 7808 7309 6630 8695 7381 1799 8661 15 6090 4293 5201 8904 8743 6909 1264 7493 7654 130 8562 4087 9881 4456 1861 7920 8901 9360 8502 4791 5867 1158 188 3180 2161 2908 7813 6373 8380 9552 3422 9656 7395 9467 6322 9390 3287 1952 7717 13 3111 8838 4697
45  6654 9405 883 3247 8058 5141 2005 6725 7705 3015 2807 7338 2503 9898 5489 1219 1517 8295 2970 6300 6449 9854 971 3876 6508 1334 3033 9145 2310 9343 6394 644 755 1118 8836 2823 7821 1149 9567 8942 9521 3486 6606 7359 7074
25  1414 7129 7553 1746 8151 7633 2404 6946 2160 6917 679 9259 5647 234 2457 4479 7410 729 4641 9876 9317 5455 6241 4 2185
14  6656 3579 3029 4455 8682 2528 2541 415 982 3026 9018 3119 3842 3542
21  8489 7197 7678 7715 8296 9723 9729 3895 6218 8801 9496 2893 9229 1096 5356 3946 8326 8793 2547 118 2548
19  4984 4270 1110 8257 2878 1173 7696 9887 8142 3978 5869 4079 3762 2843 108 7008 107 7524 9775
41  1883 4137 665 7994 6764 6392 9872 6438 3267 3404 3661 1383 3847 4964 7865 9351 5523 614 6578 3595 4279 889 8916 5976 1274 2347 7992 6310 4751 7264 54 2795 7514 5961 6976 9066 7450 1574 3548 6688 9352
38  7188 7612 2717 4546 2344 4168 5502 1551 6315 4341 7458 9437 4492 6162 1632 4222 9856 2367 6626 124 3198 632 2127 829 2872 7238 591 3126 8363 8332 1439 4683 7289 4778 7281 6080 6546 447
63  1227 1372 1689 3977 5886 7288 9803 7566 8344 6038 8212 5473 8475 9083 6873 9671 399 184 7328 3774 3448 3013 7605 1567 6697 9506 9957 8336 9431 2552 2615 8632 7098 4276 1446 3136 723 9653 4739 9448 1136 4597 5850 3076 4572 3337 3074 195 9293 8161 213 7280 9350 1409 3521 972 7377 185 8060 4560 1119 1821 1165
9  1492 5903 8459 9495 3951 9219 2729 3761 63
2  9649 1630
26  9985 9251 5858 2852 4744 1762 9375 5382 1324 9381 4786 2927 5679 1733 4764 3215 2144 4370 9327 1375 2687 3000 71 114 3336 1623
4  696 6877 2357 3208
16  567 6110 6208 5654 1111 6021 9757 7874 6927 9737 4615 2082 8928 4358 1411 2901
29  7864 1030 6765 3603 4080 5771 3017 9316 1232 4749 1902 9232 2771 5687 3010 9865 80 6332 813 4902 8569 5805 6478 9218 4762 3360 2254 1351 6149
2  3540 3918
29  5027 9473 4034 8397 3327 8398 7953 5499 4752 8260 4418 9690 8090 602 8879 8696 4785 3715 7165 3787 8174 371 8722 3819 7489 58 6365 6958 6496
13  8458 9733 8848 7512 7315 6779 2137 5767 6513 3182 744 6488 9114
37  8213 799 4559 9809 7697 384 3465 6283 8895 2290 3675 8485 5899 4965 294 1523 6094 8542 2415 5021 2453 40 3258 9612 8164 4251 242 9384 7237 17 4368 5167 3686 8750 9816 1767 2854
23  7810 4796 3614 9402 4520 9052 874 7248 1955 5428 2464 1222 9833 9836 8190 7425 5426 1311 978 4371 7595 6393 5033
9  9349 7140 6463 7785 3530 1346 6584 7479 7232
25  5615 7773 1412 4617 9641 6583 458 4857 8798 7576 6593 6344 2359 8413 6460 2974 878 7023 2496 9323 7396 2481 9367 4254 2988
6  3409 4405 4153 3200 9019 3462
