11  2139 5266 2921 6198 804 4933 4192 8329 2666 2342 5504
40  3060 8450 6975 835 9670 8103 5999 1698 8855 9249 9628 5854 6206 600 3879 1650 249 8482 7157 9278 9490 3798 8989 394 8426 7846 7682 9135 7118 6735 9414 412 8509 6941 6601 4382 8371 7712 198 1483
42  5634 8980 1134 8232 1407 2836 5994 1905 1892 1498 7112 6375 844 1170 4522 4482 904 5205 7248 7999 3193 440 6343 762 8269 8116 3327 9487 4654 2899 2929 1584 6689 1216 1578 4847 4609 536 5357 7410 1623 812
21  1711 2234 6261 9151 701 6440 7361 3847 3667 4858 6500 7651 7304 9317 6097 5012 2009 7709 8040 4638 871
12  3160 4394 8577 5138 1904 4621 679 8572 7896 6752 3587 8897
11  493 4227 6123 375 4248 7603 1016 3122 7715 5783 2236
43  7245 3448 4745 2574 8251 4174 7693 2937 1810 5146 3678 1897 5975 7078 358 5074 1830 5804 270 6706 4317 9355 5842 9707 4471 3662 3400 7307 6432 8295 5737 6644 7888 5622 8759 7778 4549 5731 4328 3250 2888 7564 9400
50  6812 4611 8033 22 1603 3156 3158 4247 7993 8476 9949 8680 213 7043 2903 8137 9217 6006 5379 6544 2560 4743 1308 1774 1553 5132 7692 8761 3028 1494 3525 3692 8780 7615 8908 7018 7853 2581 4477 8860 938 5505 6226 4434 4451 8199 5468 7447 7262 9730
3  9861 2368 156
5  2922 7678 9475 5482 3353
4  3117 7744 9792 2790
37  2820 1566 1959 9428 5713 3744 6504 5460 7769 5448 873 2085 3623 2049 7485 6444 2633 5360 5797 3536 1985 7209 1688 1899 4857 157 4277 998 30 2283 6451 7126 492 6841 5479 7909 4727
54  1666 9165 5058 4053 9856 6027 8726 221 3346 232 4495 62 4121 3165 4403 6986 2162 9167 8905 7445 8622 4624 8633 2529 6694 4036 3154 2117 3994 9950 9602 5180 6548 4296 1497 6560 6917 9364 8104 7252 2597 9433 4336 3542 6702 312 876 9301 1974 5234 5981 1633 5341 3910
54  1785 2758 2734 3350 6445 5715 7034 6805 4320 1786 5538 978 3842 1237 4927 1470 1951 3943 6833 4571 4984 79 2422 8197 6201 2211 4411 5536 7711 8100 9112 2844 7281 1947 8241 9642 1266 9805 2719 3285 2952 5240 9431 7718 5007 1367 9212 2980 2388 7796 819 3634 3708 4331
20  3042 3188 8715 9354 511 655 7555 2804 3808 9404 6173 8479 4418 9827 3143 582 3748 531 6014 2338
47  7833 2822 5903 5705 8250 2339 9590 9096 7243 168 7503 7305 7409 7950 8628 7522 8131 9771 9297 3837 9119 9560 7737 2697 9387 3814 6376 4800 3650 830 5040 9209 3869 9295 7206 6518 6180 645 5013 9999 6302 955 6884 386 8210 8310 7500
31  6933 5959 1179 7367 1421 5117 1758 663 4715 7627 7971 2958 4932 5626 1065 9319 797 1476 2773 1077 3572 8456 8075 2074 8888 2476 6636 9859 9013 1827 8126
31  3516 1434 6430 1788 9321 3210 3171 8561 9273 3164 4910 338 8445 6283 3671 9751 3 2906 1220 5574 5182 9909 6551 489 8834 8634 8176 3091 9121 2748 1784
57  2863 2027 5512 106 4465 3544 5878 7392 2680 2064 926 5105 2217 5227 6546 6942 6088 9556 1773 2783 6017 4625 5044 4978 8753 5836 6730 1235 7063 1508 1868 7260 537 5486 8314 4712 3386 9204 6405 9969 5453 5211 969 7234 8636 6906 4188 5193 9932 7010 519 4659 1635 2507 2254 3116 7414
5  4172 4249 5151 6790 9123
13  2772 9044 8642 9059 9267 9848 7869 841 4880 5748 4180 6114 4294
29  5604 9394 565 7597 1028 8262 4885 5434 6331 7390 468 7629 6277 4577 204 6296 4306 6630 6675 2788 1304 3086 4500 9885 1370 5277 3176 2176 5700
18  2098 7849 820 4467 3455 6869 1162 6080 9225 3691 3307 2377 723 1362 2575 8229 9603 9472
10  7136 6428 5826 8699 7749 4245 8612 3969 4154 5165
100  7759 26 7309 1818 1849 3850 472 2243 7935 1395 4168 9862 9793 6191 8943 1825 9908 4127 5963 997 5292 1292 8505 686 8857 2808 5701 5480 6439 1894 4177 3896 8095 9421 4148 7053 9290 3888 9344 1052 6462 2278 9122 2287 5565 4109 6968 4280 958 4488 9103 6334 2111 1537 335 8773 5958 9419 2653 8029 1161 4780 3043 7218 4094 4555 3004 3013 4043 7889 1654 3231 834 398 1 6724 6494 4645 3602 1240 6288 8804 5389 6712 8041 5236 507 4035 2113 4534 1502 7231 4865 1336 5554 2702 7563 5340 9567 241
38  3883 389 9053 5876 5051 7865 7022 6262 7572 5744 9537 1282 2439 7488 2053 2613 7541 5556 4145 1149 9149 8441 3500 2233 4545 2281 6535 4079 3715 3037 437 2207 7405 5168 7755 9554 848 9314
28  2635 357 7845 4629 2358 1575 8277 8162 7800 3205 2673 4828 5863 1238 5079 7598 964 6299 745 7028 6703 771 9565 3644 9571 9883 5879 8025
8  8854 4181 9258 8727 236 5822 8182 803
42  4904 5537 3405 1890 462 2343 5896 9263 4834 674 8920 8873 9939 4524 8478 3439 1932 4083 3520 5911 1541 9186 793 689 8076 1836 6547 6470 6793 9619 2142 9781 8541 7317 739 8876 5887 8036 3724 4004 5159 9851
81  2854 5254 45 7543 6464 515 4973 9705 3663 9947 573 1361 6377 5937 9894 5285 7223 2448 2706 3760 5215 6667 8987 7090 6972 7741 9064 8165 9041 9045 9474 390 9422 2902 6311 4600 4561 2544 7246 8916 5161 7938 448 4518 9071 2999 8484 4237 4683 6266 6513 3289 9293 4699 5960 7837 5216 9383 3349 953 1255 5712 6161 3279 7801 8374 5002 5513 1916 7764 4512 6883 9094 1607 7934 3218 6332 1928 2075 3826 4714
9  2440 9058 9037 256 9868 3878 4259 7015 5889
83  5831 2717 2797 3745 1707 8460 1882 4630 685 5757 1477 261 5090 7045 1839 4457 7468 5935 4562 2303 8821 5282 9116 223 2148 1436 4952 8507 6849 5137 5689 7056 3174 9179 4428 4100 7444 867 959 9265 4007 4073 7303 1438 5902 1987 6886 7302 5872 4810 1274 3221 7818 296 9680 2729 9879 5319 3022 3578 4485 2025 942 5019 6771 6909 4012 8632 5217 9945 783 9004 6501 2566 1731 8302 2284 7967 7501 4155 2865 5155 880
20  6613 6815 8471 1178 545 1069 6454 5770 1747 5694 8769 4689 1163 5169 5000 6674 9222 8616 8145 8939
65  4506 2150 6507 2870 6811 8938 6192 4511 3629 8639 3981 3771 6143 8842 7962 918 5093 7973 3684 8475 7893 5577 6147 7587 4258 3495 7044 169 7069 6837 6048 6365 3389 5827 9668 3897 418 6106 8221 3301 4737 8497 1057 2108 4656 5076 514 7626 9507 3418 1828 3639 9206 6865 9873 7165 4635 6279 3080 8351 4747 6596 2155 7774 3876
7  3425 5832 4182 2446 5371 188 4390
43  5954 7006 9890 5377 6889 3698 3476 2140 2003 5177 2794 5163 5390 435 3430 3830 6419 4315 9350 9880 4672 1299 2853 5053 5315 8256 6212 7981 6538 4251 4185 9362 1888 7592 1127 9324 2489 6436 1730 3882 3192 74 4205
34  8725 7590 3039 7253 9042 1590 4480 3172 4046 9439 1194 5457 316 8179 9977 5232 7734 932 7048 2434 6289 8084 3995 441 8985 8770 4038 2340 3135 2302 4039 8818 3713 8510
71  5260 9227 2693 285 7064 2173 3088 8186 9706 9929 4868 6083 1710 7635 9266 6939 5246 1955 1190 2022 4475 8271 6792 3162 2723 4653 8113 6195 8304 9779 8367 1471 424 3539 370 524 7314 8054 9017 3852 5750 8300 326 535 9676 7373 5920 847 6140 967 9429 3916 1084 8800 1850 5853 6685 1075 3445 9711 1940 246 7826 3967 3761 9005 742 3000 6949 3485 4429
47  7080 2603 2841 9033 2535 2212 4716 931 5258 6272 7623 5808 3269 9411 8334 3759 5427 3585 2645 1829 6291 3393 5450 1103 3377 1314 5122 6406 7739 4288 5833 3003 2893 8901 4918 1458 5075 8650 7258 3646 4970 999 1511 8200 9513 3576 1272
10  8172 8078 9584 417 2715 3855 8052 1499 961 2037
45  9141 328 4994 3899 9257 5966 2330 4282 6128 6099 6522 8737 1898 572 6057 6359 7751 5218 402 7054 8328 5424 1322 3170 3040 9183 5850 1440 9762 5784 2331 1302 2450 2908 2334 2531 8423 6361 8001 4454 499 7489 209 7960 4692
2  7643 7441
13  9997 4634 2648 8765 837 8074 2852 3456 3121 5890 5470 8819 2561
72  691 682 4723 4226 2882 8915 6338 9996 512 3894 8254 4633 9763 2114 4776 639 3723 7058 153 7882 3026 9091 8124 3175 6696 7310 7491 3747 8557 2461 1979 9086 1514 2102 9479 2210 8102 3223 7266 139 8354 2471 1072 7657 4537 3561 3593 5449 7311 765 8863 2159 6391 699 1966 9536 4210 9789 9496 6281 4848 7465 2824 6583 6926 7490 8922 8965 8308 11 5184 4409
34  5679 6599 2332 9027 3394 9401 4853 5103 6035 1043 9432 549 272 9801 2580 46 5099 9944 4987 5047 1116 3976 9396 6549 8524 165 3900 5891 3789 4464 7646 4142 5630 7507
26  333 1826 3766 9822 6096 6570 6155 5997 9755 4937 9057 6085 9370 9250 2878 9833 3360 9365 7589 1972 6352 8278 3622 5306 6024 2014
29  3190 5865 498 8492 6151 8850 6113 684 9752 9363 7190 5603 8944 373 6878 8007 680 5993 3807 777 1943 6012 2703 8061 3779 1967 8731 6798 4895
47  2600 9933 9019 2244 5461 2940 4717 1569 8405 6700 2347 6855 4594 9860 3159 1212 6806 7270 2565 5410 9768 6732 1791 5681 3021 4063 1099 977 3555 8805 6843 6787 4539 8618 4644 9138 2084 9418 5921 6202 7577 6632 4964 6051 63 960 8311
31  4115 1040 330 8166 7985 1124 2860 1597 60 5910 2141 5244 5333 3707 5304 3743 3863 1526 8253 3402 4774 2100 8859 6918 5329 4728 4990 6487 9528 4162 6739
8  187 8977 8434 5113 9416 8273 4529 9956
1  5454
6  3183 3155 7313 9891 4458 8093
67  1408 2995 8646 6274 243 2433 6854 1657 8292 5084 2728 2541 1354 5302 8377 9725 2289 5274 8641 943 720 5301 7680 2846 6163 1759 1609 3234 5861 6162 425 2039 2961 4799 1326 8528 980 5590 5539 9659 5541 6913 4675 3564 725 945 8785 410 921 7420 3115 4234 3230 9259 8408 7594 5824 9972 293 4484 8635 137 1570 9486 9176 7567 4729
17  295 6245 2313 7296 6652 250 2021 7369 1368 3651 4387 6994 8022 9133 4478 7840 2744
12  7851 1813 957 7707 6374 7161 1049 4926 1422 9175 9683 3740
61  8044 6781 2657 8066 8148 7130 1552 1094 2981 1771 838 3889 3801 7099 6346 2458 5929 4333 8704 2073 8930 2787 6219 9271 2688 4253 8664 1157 3509 6605 3793 155 1008 2880 364 1949 6297 6118 3658 1513 6645 7057 6514 4920 727 1722 162 3966 5961 458 4029 6031 5762 9938 2486 4022 7904 707 469 9062 3032
21  6340 9738 5 2218 9097 6322 9678 6280 902 1032 5510 8926 9681 4340 367 4230 95 7763 8129 6539 5409
25  6130 9549 2101 171 7957 1969 8072 1588 4241 7784 1545 2802 1360 8309 8013 3078 5189 3313 8655 4292 3229 790 7062 2055 1218
23  5455 7318 3630 9559 103 574 1601 7951 1385 4680 5918 8893 2716 3148 321 9748 4380 6988 3652 9452 4352 3653 1446
9  3592 9251 7042 4503 6623 4817 4309 8651 289
4  8019 207 7674 6056
21  3216 7496 5185 8400 6482 3640 7394 5914 6743 3211 2372 5373 6611 8362 5095 982 7556 8223 6380 7013 6166
51  3249 3187 7183 504 7180 1923 4408 8937 1604 2873 9777 5949 768 1602 1120 111 4370 4031 8904 4388 8316 5425 2989 2960 5183 3320 2132 9658 3675 1193 5704 6872 2538 290 789 5071 8931 4410 6763 8604 3356 1128 3834 2842 9906 8337 3284 5198 8752 7949 3124
4  4114 7320 90 2736
3  3873 8786 4891
24  9832 9601 7782 8808 6862 2120 2040 3515 5828 3975 8591 5290 3134 9372 1695 609 8956 116 9043 1262 7340 8512 1280 1489
21  4967 4200 3702 6351 6177 2253 9854 8783 6572 3215 7486 464 3066 7360 5039 8393 8836 2694 7354 2282 8088
4  42 1745 6910 8950
49  6885 4808 4279 7952 7327 7408 3722 5901 8594 5665 3351 7052 2250 9124 2427 6248 7371 1672 1136 3305 4791 8240 6955 3530 1484 1851 9918 8768 9349 2456 5551 6561 8443 6810 869 9403 6264 2213 4135 1268 7178 4037 7841 2215 1946 7153 9330 265 5877
14  3636 9200 3533 2950 3182 6874 4724 1485 2435 7927 8720 4610 6617 6621
23  2223 3548 881 4657 2943 7345 9979 8214 4019 868 8222 6183 2052 9110 4027 5594 6323 6653 3886 9615 3101 3404 3083
44  3153 736 8969 563 8693 4391 4573 9937 5868 5724 2036 9625 309 9708 2768 9980 2144 919 593 238 5086 7980 4084 5313 4718 3266 9187 8106 3310 8892 6434 2044 5405 8861 4002 2780 4892 3131 6585 8801 8899 8691 529 322
47  5014 3709 2038 8598 3922 2557 3302 4068 5156 191 3980 3862 8357 5995 8430 6109 6903 770 2934 8998 8521 5710 5735 8163 3990 8411 2438 3626 146 1687 4242 6733 8428 1529 3739 7665 8065 9146 6774 3469 298 2443 6101 9631 1110 1481 3521
17  5588 9581 8346 526 6603 6197 311 2643 2412 8335 3563 8437 5291 3434 2355 6814 2188
51  2849 2584 3049 8954 4082 408 6966 8681 9874 2221 8991 5525 4278 9229 4183 3731 2058 5796 2138 5186 1625 4202 2026 2319 6678 5498 2684 2045 2592 9518 9896 5778 3248 4399 6789 6736 1582 1748 5335 2192 463 5034 7398 4991 8703 3751 6571 774 3788 7550 3666
54  7277 1579 7581 3316 6664 4358 6686 80 2745 3625 4550 7227 9583 8718 800 1735 1174 5639 9172 4395 2499 3480 901 9310 2310 927 2161 4017 9986 5862 4385 4044 200 8812 2525 7163 1725 8005 2403 8840 6562 356 9457 7046 87 9990 2983 5407 6465 5088 3699 9036 4613 5558
5  9106 9435 2378 8833 659
114  9145 1141 9957 2260 9067 9835 1256 4140 3607 453 2828 3197 5678 4274 4619 2385 2907 6074 7214 3092 8596 3668 2904 6303 5729 396 9765 677 7731 8792 8305 4872 2959 7089 4224 2911 2008 9723 4197 5092 1071 9164 8225 5926 7900 8272 2357 6397 3931 2031 7997 6371 3474 4674 7470 788 8978 6776 2099 2400 2431 5178 3366 9188 4502 8589 4540 9100 8514 3202 5365 3901 9697 7854 7805 5717 5953 3106 5042 7294 4345 6974 1106 6680 9555 7066 3472 5915 6952 1399 845 9015 1665 7608 6142 2530 9544 5930 2957 3334 8887 7978 4339 3913 362 8268 126 946 8470 2956 283 2528 3870 6587
10  9392 6421 1994 7668 7158 5210 208 9302 4567 8992
20  577 9191 4311 1100 5654 8266 167 3318 9915 2279 2024 1913 9 6176 4578 9261 6060 7346 8886 1418
5  3660 7176 1165 908 6985
30  8858 2805 1067 9747 9107 9936 4273 3647 1944 380 9648 7142 3130 6553 4640 9425 4521 6160 5369 3887 2624 1007 3304 465 6567 7835 5838 2947 1427 2001
47  2586 724 3505 3247 1700 3694 9459 3150 7790 3177 2201 1562 1373 4307 1674 2018 784 4903 8281 8293 4652 6364 9376 5070 8122 4579 9919 8689 7812 6385 2312 5642 2292 9525 618 7081 2224 4051 5394 8667 6384 415 9134 7791 7617 7280 6327
7  1808 4753 9967 3620 8159 9332 3392
12  4974 5835 4119 6808 1377 2823 7760 3902 5867 6481 3332 73
9  586 6640 9627 1737 779 2353 1173 14 1616
2  1111 8995
55  9351 2182 4764 8125 1863 7798 7890 2048 4966 3331 8006 675 1521 7691 4730 1131 6676 1009 6990 319 7359 6427 4064 3797 886 5096 2062 3055 4564 3298 5584 84 9654 3603 9983 7195 5501 3825 4882 7466 9087 2760 3606 7672 8284 1754 2050 7400 4687 4615 3547 616 7100 3938 7807
21  4935 4071 660 3440 7331 6871 7552 2526 9286 3914 2305 8745 1351 324 8414 3359 3184 354 4453 302 247
30  3387 3016 1577 7937 5046 8356 3312 7133 490 7825 5469 3738 4606 6558 9142 9746 5563 8705 6383 3768 2023 3097 6349 6023 4426 897 5358 1506 3627 1331
100  3491 2185 2741 2527 4424 1783 1114 8732 4146 2872 214 9424 8283 8610 1496 2757 5746 1221 9214 7200 9598 2193 4839 7196 3067 6075 3056 4787 1366 4389 1720 3737 9162 1565 1656 3007 2988 6417 6695 8259 8984 5733 3754 1058 7225 3880 7495 3473 4498 608 5463 8827 3222 7350 9726 6967 8973 6964 7168 8537 8016 7003 7684 9530 3031 646 5799 3621 1806 9758 9611 5708 6232 7762 4372 6775 4894 2460 3252 6127 179 9644 8208 6247 1729 9965 3029 8161 4649 4441 6193 5087 3690 657 3550 1296 7325 5362 3012 913
14  9371 9189 6200 7695 4831 8874 2601 670 8638 2179 8042 9231 4325 1620
16  681 719 7324 5057 1507 7919 5280 8953 1288 2345 3168 3816 7029 5774 1540 1105
14  7883 5136 2298 3783 6634 8569 5348 5683 7061 8410 8050 8865 7239 851
9  7138 8627 974 1871 9289 1679 2707 8700 4413
13  78 4802 6493 5881 2228 4769 1983 8004 5570 6236 3185 9006 5969
26  8544 327 152 3875 3128 687 281 5846 8654 552 5952 4040 7473 5906 5350 6609 7536 3277 9500 3315 3494 4921 5420 3484 5036 1708
18  8424 8141 2274 3785 2832 2807 8236 8945 6240 8583 8539 1345 6842 4963 6498 3038 561 6650
5  7653 9756 3579 6857 8903
2  4189 9014
17  2417 6879 2858 4870 5472 3987 7060 6655 1380 6556 6000 4144 5940 5005 1241 5226 7416
31  9168 1048 7529 6699 6416 477 7648 8566 61 747 7516 2195 9811 2252 3932 9606 9378 5751 3050 7482 6211 8910 6681 5423 5860 1644 6912 7519 7721 1681 1423
14  4052 3361 7793 4055 8483 9499 4864 9870 5900 123 644 8813 5488 5083
73  7576 8709 570 8464 667 4535 874 2012 8875 3324 590 5637 8958 3019 4069 2608 6866 2770 7379 2774 3619 3103 9622 3420 9461 5296 4809 6389 3243 2738 3944 628 7276 8109 9796 3220 8338 9060 7146 6433 914 2704 5972 5067 1358 1726 2010 1413 8630 210 7493 5191 7656 4761 7844 1517 5732 8787 2220 7859 920 3616 1606 4614 1736 2315 7212 1832 6350 3512 6565 5485 7378
57  9180 6423 6042 907 3047 8139 7898 2290 3409 8707 8242 658 1078 7 2628 3189 7786 5722 3843 8388 3224 4265 5381 2991 2072 8363 7523 7717 809 3426 4108 8802 9022 6887 88 714 8955 2360 5342 4681 3141 8535 3946 485 9766 9878 4746 7647 5402 3729 4664 235 5946 2667 105 5936 1279
6  1574 4009 9462 8766 9761 5020
35  3831 6190 6392 9211 6231 2777 9646 8530 1025 5658 5229 9845 1046 4218 3390 2682 9722 7687 8449 6254 1658 4000 3309 8531 7895 4462 3133 3676 7204 712 8010 7055 1782 4324 6420
15  9413 175 8267 6845 962 6778 5669 3867 6092 6620 4710 9129 7867 4400 3323
1  8220
4  3590 4001 6738 8235
17  1999 9930 2459 8003 3679 5856 7743 4204 2068 3144 2509 1986 8573 7472 5787 7856 8750
38  6229 7148 9685 5349 5696 1835 3557 4195 1631 6922 1448 2642 2622 883 320 4298 956 1160 7513 8532 4597 8239 1004 3001 3079 6036 5353 9235 9585 3326 9745 185 5596 6395 8213 9482 5509 1158
2  306 9488
79  1717 5465 5500 9049 3471 271 949 7381 6868 9864 385 7526 5925 5670 6859 3348 7464 1420 8263 2158 9533 6979 7880 3604 8506 8828 5376 5772 7338 190 8581 6978 4874 141 420 1167 177 5223 6218 4589 2322 3984 3506 7150 1321 6701 8826 3695 2354 4423 4583 4749 8376 6637 8895 9535 172 1820 6673 8830 3041 427 8776 9320 9030 5586 3758 2041 1369 9987 8024 4998 9003 6755 6029 2306 340 2915 3522
21  4078 7662 7558 9617 5378 981 5648 6223 9292 7758 3213 131 3073 9047 6991 4955 8534 407 4538 1383 7159
8  4768 4523 678 4156 3283 1659 5102 215
15  5777 7633 2851 4593 3219 4008 9170 197 2328 1254 4407 6339 2927 7457 1728
8  4466 6899 9819 1183 9335 349 9948 5873
11  8946 1960 1919 8824 4212 7560 140 3933 1343 4211 7669
2  602 4616
5  1572 9988 8193 2145 1059
22  3123 3259 9785 9984 2743 1147 909 3449 6174 6721 2724 4343 9389 2235 3321 7321 6684 5782 1188 4161 2632 5664
28  2209 7918 6671 5668 4607 2506 7699 676 2304 8053 8204 5263 3907 8936 432 9120 6516 4123 3954 3696 1029 6749 1013 6877 8461 5567 5810 5755
10  138 9543 3423 173 2838 7745 3532 4289 9178 2175
14  9888 3680 571 5416 3610 1217 7992 8439 1293 7249 3851 8663 7667 3757
8  9111 6461 4751 7011 1491 915 7636 9408
17  934 3937 5197 7638 1860 8547 7724 1675 2392 2437 3586 7019 10 695 9661 1718 9198
1  2265
111  6950 8097 4316 1003 3955 3127 3290 4696 2825 2124 2276 5281 4906 6661 2796 4267 3257 2336 8556 7857 5719 8811 4907 7128 1978 826 4999 3352 1869 4783 6141 1997 6631 6 2732 7583 6103 6499 8112 4993 2088 940 4384 31 8880 624 9828 5491 2501 8195 4735 3583 5375 7008 6435 1270 2123 4605 2386 9192 5392 7747 6135 3375 277 6480 4364 9882 7908 4014 6656 9558 5644 7886 2406 2791 212 8629 7756 7917 4977 3048 7460 7936 5320 7341 2678 6413 1627 3531 8696 7364 5638 1177 9958 900 7417 124 2149 7722 9741 6576 4916 5517 1921 5107 3595 9784 6090 3232 2107
17  7995 3815 5798 7256 9436 2318 1555 8723 5821 1532 8289 9220 1219 1610 5502 4588 5235
19  102 1764 2652 4759 5233 8039 2414 8710 4765 49 4067 227 5564 1751 2916 1909 5898 9492 8513
43  7584 3075 3701 2554 5934 8934 1956 9280 5063 5219 7989 8332 1796 4985 5080 3705 1962 8661 9158 2977 2859 1176 5451 259 2577 6728 8248 2004 9458 986 6429 3136 3923 8686 8775 6010 109 1952 7388 7300 7001 5817 6187
74  1386 395 4398 2375 1093 5706 4948 971 5166 1689 7087 6221 6826 43 4514 1592 6007 3917 8746 5125 8756 3804 9092 4582 3631 7766 2935 933 1915 2897 2913 5442 798 4869 5811 6098 711 4875 2661 1778 8898 7820 6246 2582 1298 4821 7540 8114 1993 7049 5987 3006 3642 6835 5690 411 7641 2504 8799 3810 3107 4789 9799 9527 694 7456 6614 6172 1289 5723 7690 4171 6207 5255
79  6669 1587 7579 5120 6593 25 1527 6911 8742 6659 7714 735 6478 3996 2454 3478 4326 8576 1877 6782 2953 7287 5728 2884 6569 1017 3163 5629 4510 857 3752 5408 4255 7306 7505 9291 1374 1685 7074 3510 4287 5677 8823 2046 894 1995 3727 9069 8527 6086 2812 6324 9667 121 5294 1181 8520 8043 4337 1287 6916 2104 181 3661 8110 7154 517 5864 7121 634 8146 547 7730 7604 1396 7770 5196 8994 4138
3  9159 4960 8849
11  4077 7427 307 7510 3261 8563 5841 1286 9597 3822 1903
23  4065 7694 2755 850 4472 3854 9753 6409 7393 6295 3281 5157 93 9395 3871 6393 4089 6215 8620 8673 4734 6205 6082
4  7418 1109 5919 9820
21  3511 5262 9714 9591 5653 4996 1924 6819 7014 8625 8733 2384 8885 9964 8907 9703 4515 1444 2826 8755 3817
65  1641 666 7671 6606 8206 6084 9256 5426 8762 4551 2615 5800 4779 3063 2549 2424 9080 8959 1655 9113 3328 1615 24 6881 6762 1638 6542 6094 4422 7926 950 6235 870 3769 6524 119 7194 4832 4956 2786 4585 8387 5481 5418 1559 8132 6149 6564 3381 8412 7654 4256 5897 4526 7422 3829 2809 4767 1653 4235 5284 4965 2016 2879 1551
14  8551 8841 2769 5843 264 5114 48 7271 7265 6624 4414 2300 6072 6692
2  13 6424
176  4141 3363 5941 9366 130 3659 9716 9712 758 5519 6930 3961 1571 903 9810 2951 5924 4125 6924 9323 8999 449 1567 6170 6726 2226 6851 1050 7700 6078 2462 9040 4763 9867 2402 8198 8839 4359 5078 8997 2827 5111 2696 8856 8457 9199 7098 2127 104 6333 6525 7506 6987 3397 2515 9125 9386 748 3140 8397 7716 1324 8030 3924 4308 7497 9333 6401 5321 9843 6144 433 4528 4102 1388 4013 1814 9541 9715 5743 5363 6122 3413 4859 1355 7686 9114 6642 2196 8806 9245 9298 6194 9574 3206 9682 6536 9373 8136 7454 7140 8748 5576 2621 7451 7736 118 317 8101 5250 9048 7293 4772 7862 8881 3053 622 6047 5544 9331 1019 1041 3689 1617 5172 4849 2764 6852 6066 757 4075 9402 9550 3294 9744 885 29 1982 9379 6370 8508 9399 708 1018 9305 6089 5518 2421 2089 8157 5922 1989 8918 1022 9927 1079 8501 587 7817 3958 5507 7843 2789 8105 8743 9573 6960 7903 1211 9866 2634 6269 7474 1522 824 2829
30  654 4852 9252 1068 2324 4112 3458 5978 2060 6134 8713 5268 9196 3102 4373 815 1887 733 9050 388 7795 6119 5546 5982 4113 4572 1743 8643 7848 840
30  3256 656 5511 1883 135 4736 1020 9270 3254 5028 2061 6795 7024 6256 1118 430 2811 9736 5367 2984 2675 6298 7242 5073 7809 6829 6908 3065 5840 8384
79  7426 9477 5413 4533 8153 1647 9970 4941 2522 1309 4504 1228 8878 4460 5064 7776 2426 3286 2474 5983 4374 2763 4223 9857 5647 5016 2978 4270 1061 4505 6799 7754 2778 814 7602 5101 5017 983 4222 9686 4733 149 6335 5359 113 5521 8542 3438 1375 3045 2177 2294 1714 1538 7228 2405 6293 6076 5158 9978 3841 5560 640 3687 4369 8203 8672 9074 8555 7683 2926 6838 3493 8777 4959 7868 1790 5812 3369
119  1769 2782 690 1414 1593 9223 7117 5228 9407 5433 6437 8609 5323 8365 7944 2771 5446 7110 4566 2637 9423 5430 4981 65 4947 3311 3120 378 3451 5256 5849 5054 3207 5471 8060 491 2189 2881 556 9398 4793 9463 2119 9018 8585 2380 3589 5789 282 2814 6633 9161 8062 9786 6947 6320 4268 6157 371 5021 936 7322 5029 1739 3868 4881 8187 4866 2670 4556 1150 3062 7533 4254 2668 966 1001 8879 3059 2249 3540 3872 3918 6217 4923 2968 1503 8180 9643 8932 6390 9782 503 6898 8265 8096 5851 8631 3444 6061 9838 2267 5204 1596 7187 6121 7559 2494 8465 8395 7134 7947 9941 9982 7534 7348 6216 7162 3399
28  9282 3236 7914 3380 7561 2194 36 1306 7748 7316 8793 1821 8000 2266 3904 6919 5739 4341 6312 5343 2415 6523 8974 6740 1519 8009 973 2894
13  8099 6816 4302 147 8257 2920 3858 9485 8488 6369 9975 4431 8917
112  1753 4442 7481 9224 8049 4917 460 7026 1809 6925 8906 3264 896 5612 8234 4455 7116 3367 1429 9612 1600 1776 8063 6313 9816 3845 8584 3391 404 1096 9056 718 1837 3336 4833 4062 8358 4898 3791 5322 3110 1226 3228 6069 21 1516 4782 2725 8067 7407 4243 8668 995 8758 2379 5399 4493 1346 1195 2174 226 5422 8034 6725 5899 595 884 5464 4738 3790 4836 6946 5692 9426 6124 2792 8626 2133 9016 4016 6054 8379 5572 8671 8608 7093 8303 4861 7632 875 3577 9061 821 7987 2905 5305 898 1297 9063 3498 5765 1318 2545 7139 9450 2374 9813 9905 7897 8929 3947 8739
9  1965 9694 1467 2576 1847 3199 9844 4602 9279
10  746 7458 1037 6928 9130 422 7020 292 5289 5428
26  7609 6265 9218 8611 3454 2705 7007 4823 7596 5018 8844 6456 2699 4179 7072 8605 6646 4402 1126 8722 2900 6581 2121 8352 3488 6612
40  4322 3195 6750 8349 9084 9660 4025 3780 5312 530 3018 2477 9327 8914 6559 194 4758 4575 8458 8469 9451 1797 9994 4889 7483 6328 6300 6230 8398 8274 2875 5025 7600 6316 9374 2619 2199 3823 7902 1628
10  8407 8595 8057 9219 5115 5387 5116 1926 229 3291
185  7822 445 4760 9104 4060 8927 3598 6117 2396 9592 2042 9884 3682 9039 1278 7351 9128 2963 4006 8829 4436 5128 461 263 2407 9471 1495 8847 5419 1231 4541 325 2070 7570 7823 6249 9998 1224 3046 5640 6326 1581 9671 483 9749 5986 9920 1591 7333 4187 6827 7357 6307 3089 631 3142 1563 992 4439 1823 9473 6691 2259 6020 1087 3245 8817 2639 6788 6682 3372 9783 7070 9846 19 6270 438 9516 97 7634 7959 5164 9026 8767 7372 1510 3395 8086 1273 7640 4206 7940 3964 6019 5094 7211 1334 9341 6984 3749 2831 1159 4225 4928 4982 1332 28 8656 5620 8212 9663 9926 6803 6608 1284 2605 1463 6372 8064 4220 3093 2180 1475 6259 7198 6108 9775 3750 6196 5684 1922 8467 9132 2240 9840 728 5143 7254 5656 2317 4569 5753 9449 8014 9318 8287 6840 4971 2669 520 3023 5190 9691 4651 1372 267 5932 3712 963 8427 5243 6723 6848 1586 543 4449 8853 8326 5085 8772 5792 9539 8127 9623 9608 2987 9569 2784 2856 8451 7498 1328 9101 1086 5785
43  993 9131 5213 3553 5309 7939 7267 7334 1460 3407 4591 4101 1723 8815 8807 2546 8279 1392 6450 7431 1667 2739 4851 5767 533 1453 3514 4368 2837 8323 6273 9903 2883 6241 4319 8243 3483 1005 9348 7666 9637 732 7977
9  7828 4804 4318 665 7421 6935 3383 5031 3501
9  9155 3233 72 5636 4023 3714 4086 6839 8331
49  2452 108 3005 9304 3385 9699 144 3989 6344 4542 1089 8593 6690 4520 4647 1980 4272 6015 4792 9274 7462 363 6472 3908 6697 323 7312 5162 5974 5108 7247 5847 2019 4599 4132 5579 9434 3849 225 5024 4092 8115 858 6045 8684 1950 2886 4305 3824
4  9215 671 1415 4661
13  5354 182 8026 9460 7232 5968 3764 975 117 6446 6902 8264 996
18  9328 5334 598 7929 1197 4050 2930 2239 1608 4194 3802 266 5406 8848 8687 7916 6550 2917
18  2993 2187 4623 7892 114 1232 8252 2363 9205 9108 2503 9652 6517 5011 614 7658 4176 6489
1  5062
31  9858 2711 2672 627 9484 2013 6073 2051 7941 5834 5766 3147 8721 1405 2520 8448 1085 8659 8536 8665 9651 2685 7370 115 2998 2262 9000 5494 4554 6529 8048
2  2636 1472
26  4473 7670 8603 4334 6037 1259 6268 9089 4576 9478 3767 6479 2436 9577 8385 7649 7326 6575 722 1766 4329 4361 9895 5885 3227 7264
20  558 3968 6595 1066 2005 1746 5176 794 8322 4190 5253 3465 5760 9240 7111 1098 1253 4348 1064 9620
17  6638 7735 9054 4801 5476 7979 6402 9954 6648 7009 1564 4401 3273 6590 1002 7068 384
59  9872 220 5307 7773 2992 5144 9773 5293 7580 9126 2722 5976 5458 3638 2598 2208 4786 2596 4879 8496 4826 976 761 4301 5431 4405 3337 1164 807 6469 7095 9294 2449 1733 8403 9237 8098 9566 6043 2742 5697 5676 9807 495 4513 9009 6064 1703 7085 5145 3497 7017 3338 6825 8280 8275 5364 6290 7391
39  3384 1348 5503 534 7096 6961 1417 3866 5310 57 1856 9299 7586 6741 9935 8489 3461 5716 2671 3941 1142 7953 475 1461 1530 2540 6398 5727 3271 9881 1878 948 8648 2285 6053 1546 442 4105 4721
50  3877 5794 2468 2629 2972 6396 3928 2341 7630 5248 56 2445 8401 6104 6403 8226 1088 505 7591 7994 5242 9021 3891 8837 4509 650 8757 756 1403 2485 5806 6512 1763 5631 887 7932 1858 5573 3068 9046 299 3253 8158 9596 5493 7273 1201 591 6777 4846
2  5370 9284
26  3611 540 5534 1560 6936 3467 5432 5372 2467 5621 4940 1027 9152 4257 5991 4771 6133 1738 2623 4097 7996 1315 2497 9154 5738 9770
1  8315
100  9925 3198 8404 1660 3452 9960 5645 5171 8327 3126 3064 8872 9804 8438 3524 7442 9442 893 734 4496 5199 7437 5447 381 6079 6807 649 3890 9469 6353 1225 1117 2200 4406 8217 6466 5688 3960 2047 4118 2411 9587 5056 9077 1156 3571 471 6963 3109 2231 7829 8133 9776 583 9981 4557 1450 7808 6039 7292 1780 2488 3594 1910 5272 5989 4706 6110 4085 4070 8587 2321 1845 6526 2229 1732 6938 2690 5374 1678 7004 4516 2349 7839 6626 7123 4775 2556 2969 4707 9109 825 6969 6663 9724 3857 518 2296 9410 6598
18  5955 6891 9684 269 7250 4283 3861 7092 6342 3726 5339 1843 366 9369 7263 3673 8719 3087
39  6021 1842 9441 2966 8764 4750 2798 2245 4693 9734 5880 4492 3799 7622 4525 5741 4843 2043 8960 5187 2419 3971 1376 64 9427 4740 211 6758 4470 4570 297 7733 8519 2425 6009 7783 2726 2362 3776
21  9742 7689 7723 7144 4983 3292 6767 4587 785 6822 8108 6520 1257 9963 6242 7915 9892 3556 150 7675 9380
4  3145 7084 4415 7323
3  4049 6030 3762
64  9340 750 8896 1787 3755 585 895 6483 5947 2939 2151 3753 5786 2369 4276 4213 4120 2032 751 6540 9232 7033 1122 4080 3677 8409 1543 192 8979 7396 5549 6002 2170 196 41 6783 6533 2510 6921 6159 621 4412 1428 6305 5907 9912 6013 2942 2749 9698 5711 8516 5466 4682 3710 1316 3717 5950 882 5747 8660 9476 240 806
37  601 1613 8975 6146 9011 4690 1690 202 447 98 5561 7775 2587 1185 496 5473 5273 6537 3436 4871 9837 5674 1990 7368 1793 5707 6301 7688 2480 7911 85 7272 5666 6511 9700 3818 697
16  9561 1556 8073 2069 9361 7871 3460 3051 7847 9921 7336 2931 7875 5547 4124 7614
16  1938 1456 3343 8288 6594 9564 8051 3599 2979 5026 9483 6530 5730 8529 3939 6607
14  8579 4574 5552 8472 9826 5895 1855 6718 3009 1677 6452 6367 6178 3795
30  8546 4559 2595 6329 9548 7450 313 7135 8877 6666 9889 3608 1011 3794 2373 5578 6210 2078 9760 391 8894 1643 8318 5601 4201 5793 2651 1045 1168 8852
16  8724 2563 1466 2202 4949 1779 5077 128 7611 5908 2418 7358 6890 928 2263 6093
4  1817 9940 810 9075
10  8085 7115 9470 702 7105 8728 987 219 4446 8486
22  7613 3781 7335 5127 1051 40 5129 4909 7698 1614 350 3746 4217 3306 3844 2350 6824 4943 5027 5820 376 2534
1  8644
22  8090 929 2469 7969 107 484 7356 5597 3330 2028 9720 9545 203 715 8147 9593 9815 4844 4047 9704 8296 8047
19  3562 2352 952 1430 4867 2912 3411 9322 397 1441 9489 4314 8046 5990 5671 2677 5052 5499 740
2  8698 7901
76  1187 8246 4830 8575 4822 3742 1668 8617 5222 6220 7184 274 6698 2326 9830 4756 7861 8744 2371 6496 9869 7729 3970 3719 5257 2850 9388 9444 7966 5845 8290 7772 8548 4962 4897 4354 3403 7697 2901 8816 8307 8167 6038 2936 4685 9296 7399 764 3554 4111 3071 9914 9510 9255 9343 9802 2630 7021 3504 75 233 1651 7907 9481 7215 2681 2994 5208 1864 6164 5823 7492 7652 849 4678 8670
6  5524 889 3112 5764 9082 455
12  3265 3581 1387 1520 3951 8118 1442 8890 2399 16 1203 6731
28  9440 605 3186 7607 8526 6255 2129 1542 184 4137 5188 3741 3090 6167 9665 4264 409 8993 5568 2843 1310 4931 5239 3319 7236 4164 7452 506
20  9594 8372 6032 7219 2971 3322 7864 2097 4130 2867 7131 9173 5412 2735 4665 1861 7753 3431 9529 4519
37  9688 4166 1896 7664 3212 5133 4095 1092 7925 7071 7906 4435 2658 2631 2256 2466 1391 112 2206 8276 3605 1927 2484 6111 1886 9409 7750 6492 9264 9276 9630 8370 2753 2593 635 8498 5643
19  4581 8299 7566 4469 1204 576 4527 5404 67 872 6954 2116 6145 1908 6238 5124 359 7873 7928
46  816 7794 9446 3860 1752 9814 9818 1792 8912 1478 151 7571 8301 1902 4939 6067 8059 9493 2455 1090 9357 7548 7434 4198 1129 217 77 8081 9285 8846 8782 8935 4271 6709 6932 516 8117 1474 9143 5110 5725 7413 6169 7386 2718 7746
24  6956 4766 8258 6263 7727 2590 8677 6357 5904 7032 8369 5175 6171 5533 6914 70 8889 5951 2325 2656 1867 8413 7188 9346
55  8184 5030 5703 2713 1330 2890 1285 416 8143 3656 5209 1021 4238 7931 252 9693 1101 9985 3549 8419 5061 1937 4291 4026 6052 9347 8077 4695 3734 7804 3796 6901 3601 8682 3355 1263 7677 4346 2572 7156 4841 990 9774 8941 3308 287 4827 7319 2444 2268 3840 7435 8011 9505 4698
4  6227 1595 7545 8227
23  2766 3278 7230 968 6234 7201 1917 1770 1663 7274 1859 5328 8209 2356 1381 3200 9649 1153 284 3526 2190 5221 1208
54  2146 1140 3541 8790 4231 1804 8442 3669 9184 8679 4938 9491 5401 1121 6944 805 2944 1642 9501 673 9448 3502 6508 877 58 5909 3974 7290 8925 4098 5477 604 8621 7831 2869 2348 1451 700 5202 7233 9729 4167 9326 3853 4332 9390 6904 3401 9931 8169 1669 6579 372 7197
22  2163 7047 6152 1539 8517 8645 8154 6473 7660 5496 1777 1767 1549 9415 9853 8389 4193 383 2562 3711 3100 9808
72  8453 2640 692 3559 8685 6907 2065 37 3800 3998 5009 5337 856 9020 7644 9524 4297 9277 8749 9713 8845 9962 9865 3214 8533 9759 262 6784 5275 8803 6222 5391 7788 2862 5985 730 7705 7508 4666 5882 2505 3196 2537 8637 2627 2866 6059 486 509 7164 2054 7411 7991 5805 4820 641 2709 6136 6503 7106 843 4702 426 638 3993 2093 2819 1393 8487 6028 8228 501
29  8653 7132 544 450 34 662 3151 9898 9456 9315 2066 3635 4992 9228 7990 8666 1044 255 4893 414 9551 3113 8425 6649 7365 5331 6050 8900 7353
14  9194 862 1437 1964 4219 4034 780 3811 6973 5912 2429 8417 3443 8957
6  2091 4107 3756 4207 8175 6282
26  6330 8948 2297 5045 7661 5948 4552 1891 2291 9358 5780 4643 451 937 5859 8151 3633 9650 5050 4586 5635 8774 2532 9968 7537 696
17  6257 2198 1833 1359 9696 1365 245 6502 3108 7012 3786 9177 9877 7924 5718 2464 1353
18  5160 8968 7777 8285 5916 2918 7878 4975 3297 9599 2644 6244 5010 5170 400 7268 1301 6847
39  2830 8820 3034 9672 2973 5839 729 7588 8814 7696 4748 5720 6892 4862 2165 1853 1914 6716 664 2730 522 4371 9207 1968 9959 8135 2617 8940 5445 2109 5091 4741 5599 1930 2115 8192 9557 4042 4884
65  9764 4091 2512 3077 4778 1649 4711 1844 864 3217 4972 5625 1992 9656 4208 7780 4285 7051 5338 8662 4781 935 6896 2676 5271 1356 4508 6894 3282 8340 2641 3365 4876 7797 8402 6722 5591 8353 9829 2481 8298 1184 7885 5361 6737 1313 6189 3956 7593 2594 836 2781 8092 7850 6639 1350 2810 7806 8216 2620 3422 6830 4708 8360 341
10  1599 3865 9733 110 4110 8238 7401 4900 597 8493
45  8502 5167 3573 5857 8564 7412 9904 7002 5667 8891 951 5609 2441 3138 4058 6271 5928 4461 637 5317 3030 3072 3645 3664 1295 8574 3985 2895 2059 3697 7631 578 8986 5970 9767 1697 9580 3008 120 6404 1323 4353 4901 1199 4087
7  3782 6497 6748 291 9836 9702 1053
54  482 8286 9236 5815 8586 8431 941 2154 2295 132 8924 4093 1412 1547 9955 6779 2301 704 2609 4722 2258 6710 9989 4221 1750 9309 5852 2076 5411 8455 2923 4667 1320 3095 2416 954 2314 6486 4546 5600 8345 6951 7549 710 2463 6665 7860 3812 1091 8038 1352 7509 8446 7792
9  7179 3827 1133 6304 7086 7974 3344 6362 6453
21  3240 5200 9216 2465 4825 4930 2833 2877 2818 9769 683 1144 1097 924 9081 1544 4425 3584 3011 1056 6100
2  9246 4803
49  6488 7642 406 1918 193 5037 2727 7079 7141 6853 759 2625 5060 7943 6120 923 5043 8495 6759 9480 7964 1684 7732 3718 4133 5931 4911 9144 3433 6527 3263 8107 705 7832 4595 2344 9701 2112 4604 6863 2271 4499 9901 7283 1426 2997 4719 2272 9239
2  2381 2996
21  1030 688 7855 8613 9190 3295 9454 5207 9961 8320 1865 630 1344 2232 2410 1998 3486 7866 4356 3513 6309
29  7382 839 4433 1925 8152 6578 8207 6796 6785 3665 8523 2164 2553 8838 607 9657 3688 1841 5300 8716 5657 7073 1900 7101 3424 1277 1874 7376 7220
52  4662 7787 7569 9735 817 2573 3777 9338 3770 4003 2542 7202 1895 2382 5998 9871 8347 258 2370 2255 2647 8976 2887 5818 7432 7554 3846 3721 6813 3416 9855 6510 4873 5803 1172 1618 580 6757 643 8864 5135 5015 6208 8883 7298 2056 4059 8336 1341 1848 6905 7438
50  5147 6471 9464 4074 3730 8963 3208 9025 9065 6011 6761 4531 7094 6251 7453 3527 3459 1576 3450 2257 2962 8058 4020 651 4360 6688 1815 6943 7289 1281 399 218 2269 1378 4798 1449 7119 566 8306 1682 2393 4367 8567 44 4646 7521 7923 3930 4196 4459
53  3288 2847 5097 5529 5740 6515 7703 230 4263 4432 3340 925 6708 5763 7097 1083 1676 7765 9203 2511 2955 3648 1307 1248 3388 4396 1693 1692 3487 2320 1039 2552 9728 6582 4290 8294 5550 8967 6773 1585 310 1389 2857 7059 3982 1880 9821 39 1214 2103 6491 2451 647
90  6791 2156 8499 3379 5311 2011 9526 972 4945 648 8245 4443 199 1622 9910 4153 521 3670 6287 7000 3035 9412 8562 2817 3382 2551 6457 2500 5330 4045 4160 9367 7077 861 8149 3828 3061 7702 2759 9002 8140 4813 539 8341 6670 2204 9024 866 7363 8378 559 7035 4157 8871 557 9552 8348 1662 4669 3477 8882 8490 1598 7075 1070 361 2251 984 1535 1439 3674 234 318 6438 2508 1416 6448 5971 9325 1664 2225 2949 2015 3137 7779 9283 2125 369 5758 3370
25  5535 9360 811 6980 6250 2205 7894 1205 3519 3643 3260 9522 6258 8120 6463 8503 3099 7191 3921 4313 8494 1742 7377 4266 4456
13  5130 8961 3832 487 6864 8951 7339 2588 3655 9306 1501 7301 1646
13  1568 33 8012 6341 1799 5279 1889 7811 6651 944 5745 8809 3809
55  8394 9718 5436 5308 6018 228 865 2033 1933 6719 237 510 9739 1490 9618 3303 3926 3415 3094 1102 6386 5118 3685 5691 9233 6388 3098 2618 2990 7517 1209 9582 4631 892 3239 8554 1765 253 7738 6447 6867 6660 5870 5569 2523 7050 1798 9679 439 1939 5276 3959 860 6532 9710
57  5673 6998 5652 4139 7681 7757 1054 8355 8990 96 1457 6545 3657 5695 3470 9876 9616 9570 5646 6629 1488 8373 1713 4819 4676 4845 4934 8190 5662 2034 802 2475 4814 86 9197 9098 3129 1536 9794 1840 5627 2219 5531 7836 2821 2216 1469 8996 494 6521 5790 5816 9647 5393 1973 5927 9641
47  773 8170 8415 2365 4088 7177 158 6005 6348 6844 1795 1264 2892 3069 1132 2131 8947 7479 6734 268 4357 9083 5605 6394 4686 7041 7083 9195 342 5179 9946 5444 3600 9532 7710 763 2490 2898 3732 1400 260 7241 5923 8312 5602 8692 122
11  9445 4980 8599 7673 4700 633 8087 2889 4378 2130 4129
47  1143 8386 4005 6657 4628 4355 443 8884 7621 4393 4677 4636 2137 7955 4262 3166 7942 3362 1852 569 7257 4489 6185 2513 9690 8215 7761 9375 7037 6115 3435 55 2589 4081 8390 387 7308 189 4919 133 5495 8396 912 2270 755 3125 4404
143  2517 5837 9787 1680 5382 7419 9254 3565 5121 2646 3545 4958 1207 257 5687 4888 2457 2558 2835 5142 1074 8466 2654 6715 1290 8330 9093 5761 6945 9008 125 989 831 1838 9334 6772 3983 5072 32 7948 8601 922 1401 6399 9800 1963 6591 337 9902 4448 8675 4199 4417 7114 1452 5152 6414 305 7344 9923 3942 5220 2845 6418 4128 1716 374 9953 6769 4366 2376 9886 7618 737 6077 2491 7524 6022 2063 5702 8606 8747 1812 7713 7551 787 4905 2721 9353 8515 2214 2095 2976 6490 4936 7616 6828 5813 1626 652 1800 7970 3649 9576 2478 8695 7544 1981 3940 2203 6920 2938 7192 7463 6356 3859 2731 8018 6506 3936 6818 8712 6181 7930 1115 6203 4840 9778 3274 1634 2737 8658 9023 9613 852 5526 9244 9991 2848 1015 5650 166 4913
24  2191 9157 8339 7229 4660 3027 8080 8919 1291 1619 7127 2662 9085 1480 8459 6957 1006 9875 9511 7963 8056 772 1252 3414
4  1492 7876 6711 7415
21  2607 8364 1734 4951 8381 3537 4076 8933 7910 9494 9242 393 792 2391 5522 92 7237 1319 9007 7838 5352
16  5801 7639 7781 6770 9727 7606 9202 7459 1934 6882 5869 2080 2495 2686 345 7740
49  5325 625 9213 3181 1125 2172 9102 7160 4233 1561 4854 6004 3999 2543 3342 6937 6568 9519 1696 8021 562 5623 6468 2361 2035 9639 6641 6923 579 8091 6662 1984 5788 6831 1534 9638 7193 7113 1699 4445 4968 8923 4173 7469 3523 4563 3864 7954 7145
46  7205 1942 7297 3209 4796 9797 4239 4650 2169 2876 9352 5632 429 1976 5675 1772 1756 5247 1275 6756 7449 6509 8949 2775 706 8966 2801 791 5542 2166 6915 9824 6337 6484 8255 1879 2428 9010 9381 4617 1294 6026 6253 3700 8436 5265
23  8607 7374 619 9308 431 6584 5403 4641 8211 3683 8588 3481 2919 3784 4483 4158 1317 8123 9588 1866 66 917 623
8  6982 94 994 3364 8055 9035 7484 7620
15  8669 4260 2323 9382 1465 2578 8558 4136 6449 4565 9072 8144 778 741 5106
7  4474 9417 2442 5608 3203 6286 9795
21  377 5973 528 9635 314 1996 7016 8368 9467 6727 343 5693 8798 2840 6622 1198 1300 5022 7065 606 5351
7  1130 1824 7330 9153 7455 8477 5355
66  8121 6363 6474 5516 4957 5581 5606 3441 2800 6228 1504 3446 1145 2982 1063 1137 1636 4637 7858 3406 6929 6573 7107 205 2105 12 9099 4517 6008 6041 3057 3457 7968 7166 617 8244 6358 4580 5032 9687 2616 7789 467 2273 3024 1801 9438 5543 4890 3074 1550 8317 145 5844 4592 2143 368 769 1727 8037 8928 6148 9600 2423 6627 1445
27  4922 5388 8440 4671 2346 9272 4487 1222 2337 134 3997 760 4116 5759 2762 174 3528 8741 3821 7768 9675 8911 8649 3299 3427 4134 6764
1  9038
36  474 7175 1831 7171 6895 6321 2237 9666 3672 4335 9430 1702 5212 2521 2128 7476 248 2227 2700 2839 3728 8491 2029 5123 801 2118 7879 842 5038 3615 7285 7428 1624 4056 6336 7628
44  4494 2701 4639 3118 6753 6379 589 3912 550 1557 7355 6927 6354 2502 9952 7423 2122 642 8350 7282 7645 584 8031 3287 8688 254 7385 1819 6786 8982 7124 9312 8168 7515 3978 9757 9852 7499 3641 2387 1977 4240 2714 1876
35  8183 2351 9095 5109 653 3396 2430 4815 1382 4072 611 7899 2007 5562 6647 5065 2611 8194 6804 1154 419 8909 4275 1637 6441 5033 1911 7887 2288 5269 4184 9307 8392 2367 7502
7  4349 3417 170 3373 6459 6589 2650
26  6557 8150 3774 6412 2286 4691 833 2230 59 2799 5314 7816 525 9420 5035 6138 1233 4032 1683 5366 991 83 8391 8224 6225 6531
1  5326
11  3704 2604 7240 2536 1525 8553 8249 8518 2277 201 1026
11  2765 4447 2689 9737 1971 5523 51 4929 5490 615 1671
19  9662 3169 3720 7514 4838 775 2110 2564 6953 7221 9066 1673 4106 2695 1169 4232 2364 5295 2740
25  1312 2241 9942 5756 7389 7933 4463 5649 6455 351 8789 1912 9503 2655 2160 6858 9514 4209 1447 5316 1311 5776 459 5225 50
7  5383 8592 1283 555 8462 3733 1349
60  9740 596 2698 3235 1191 6610 9268 1080 9790 4476 5769 3167 3654 9798 5278 4229 1081 5802 7103 5672 2333 9709 5131 5385 5150 538 6443 1213 8866 444 4812 2453 8420 4228 8068 2275 8218 9148 2567 2094 1119 1509 9517 7152 9579 1227 5344 749 5633 6308 6704 2776 4479 6360 9001 1975 1881 2329 5559 6153
7  9443 9139 2242 9943 9078 4642 6747
23  3025 5462 1014 7752 4169 4099 3333 1670 69 1148 1410 4655 3036 1123 1515 5251 3347 2401 1239 4018 2674 6717 1518
43  4501 9589 6729 5855 1175 7976 6150 6983 9079 5483 2756 9636 3763 4151 2135 6382 7151 3518 6275 5566 3432 5415 3276 4143 4299 9156 3885 4261 478 9465 7189 9534 3419 905 5773 7975 1941 2307 8921 8429 355 3408 4618
25  7511 7149 4887 3836 8178 1639 1229 6766 4627 35 9540 473 6618 7870 1138 7259 8729 2861 8600 7874 2081 3736 2816 1432 7599
12  2086 5619 1854 9504 9803 216 2868 6105 4673 9634 6860 2909
45  9692 3534 6284 301 1709 1206 1630 2178 2948 6997 9993 4914 2946 7983 6999 76 9051 911 5699 2610 9677 6310 3490 8832 3453 2184 2020 8552 4344 5249 7076 6948 9466 3839 2389 7785 4612 9300 6213 4147 5332 8035 1371 9160 7005
56  280 9992 23 7129 222 5825 1906 3376 6962 7881 4310 2181 6628 1645 5001 1632 8333 3085 3293 5614 4596 8321 3884 985 5651 9717 2087 17 5154 6760 7217 180 9653 4010 2910 5003 8155 9171 829 1180 8795 1379 5194 7403 2871 9088 4159 9230 4663 7067 8380 4770 3428 1757 7821 6870
10  6543 405 9136 4805 1055 1076 3703 4726 413 392
10  1573 523 1648 4300 1363 4915 2659 3517 6588 6422
96  3076 1512 2 8778 6970 3442 82 7275 6707 9127 3191 668 1605 6034 6880 1384 129 6081 6071 5414 6126 6070 3617 315 7530 7565 4626 329 8069 3874 9275 1251 136 8361 4041 4709 890 1200 7269 5607 4536 6834 5264 5892 2002 8173 7137 346 3358 7920 786 5089 5933 3270 8071 988 8676 7913 7182 160 6243 3591 3070 6467 1155 9468 142 5814 6679 5452 6592 4427 1953 9849 3002 8485 8079 8344 9377 7562 7905 1202 7169 8202 3613 4342 7659 6801 8962 5992 9193 8763 7224 3977 4912 6355
6  8545 7186 6668 752 7619 5589
7  1846 5913 5438 3241 7701 71 239
40  7539 3104 7922 3919 1822 4327 434 3582 3612 3507 7802 38 9839 1548 1335 6381 176 853 5288 6285 9226 8735 3965 4725 3017 5421 6373 8580 4668 2366 9137 7255 3597 6131 5866 154 5979 1234 4216 6458
36  5944 7031 7173 4481 8851 2197 8788 9221 4450 1834 9633 2885 2398 3588 2498 2533 5795 5527 3015 5173 8736 2264 6408 4877 2691 20 4381 8343 9208 8247 6415 5261 251 6745 8002 3354
5  436 9695 4122 1250 2815
4  6897 3179 6237 2186
46  9031 6992 1505 7109 9150 906 5456 8623 1329 1402 4383 7082 2663 6850 347 5616 6199 4837 9337 6555 7956 2665 5977 6314 6875 8869 9521 8 8525 1970 3566 5641 4899 454 9614 672 279 8825 3475 1394 9028 3178 1230 3792 4269 5267
64  3482 8835 1691 4397 9391 738 5318 4530 6125 4252 3242 6746 1042 1760 5883 1276 4788 7286 4942 5201 8711 3881 5126 6049 9825 4096 9831 7406 5224 2359 4323 2057 3558 9495 2679 1802 3429 3803 2247 4953 1454 9342 6317 4608 7342 8174 2964 818 6797 5515 6431 4490 5996 6260 754 8032 9032 6534 1347 2638 3848 717 9934 581
32  5557 8383 9899 6102 6410 9640 9520 5585 1554 2395 2747 8237 4126 3139 5148 1404 1333 9900 1762 5459 9788 1958 7518 127 9863 3906 6495 4532 4762 2779 796 5593
6  9248 7108 4021 8191 3146 7706
8  5467 8730 7487 2167 813 2106 2569 7185
7  159 3773 3569 8230 8868 6900 2602
8  9887 5775 3437 4421 9823 4902 7172 4883
48  7337 2550 1113 336 1012 1411 3905 5439 4117 2470 4444 6186 9531 334 5497 9303 1459 855 4215 2390 5894 428 799 2017 2606 331 5874 709 3464 1261 9068 7446 5004 4558 9610 9210 4995 480 4437 2308 8164 497 4811 5398 47 7478 2834 5548
116  8504 457 2785 4170 7448 4543 8740 9817 2479 1558 9076 7575 9384 7742 2316 567 3246 3819 6368 8435 9655 8538 3368 2092 6993 1701 6809 9287 3543 1870 7532 3251 4090 7288 5848 6063 2404 7884 603 6137 7025 3778 3317 1406 4713 9118 1223 7612 2967 2413 6044 782 3568 231 568 2082 9185 1936 6996 1873 3132 1721 1249 6345 947 4420 5048 4925 3609 1482 5962 4011 382 2761 178 1135 1885 6836 4829 3054 5230 1146 965 2171 7557 2683 8473 827 8452 1357 9578 6934 3935 2750 5893 9105 4491 5807 2733 7170 7535 9234 1945 7226 7547 4203 6107 9834 8570 1755 6165 3624 8181 5888 767 1528
22  626 3496 360 9842 7091 6856 5592 3546 5964 2928 3892 3280 9976 753 6893 9812 4818 1000 8008 9012 6586 6574
16  2583 1038 3492 7030 9238 308 6112 1340 541 1151 365 8111 4969 4377 4785 9339
8  5613 7395 7235 1192 3560 1139 7295 7986
69  4303 9538 5287 1073 2327 7585 4321 1033 2447 1640 7425 4752 2660 3325 5098 613 2492 3596 6387 7813 9070 8171 1338 100 7040 3371 6058 9928 6476 2754 9626 4924 1265 5655 7027 7433 6958 7208 244 2420 9345 599 7961 4742 8444 9922 3244 4842 1246 1803 2941 6528 5139 3973 6505 3945 8674 8647 2612 9201 6602 1811 632 5624 3374 8433 4908 3838 5286
6  2864 27 7708 3856 5149 3693
17  1425 9632 7982 9995 8964 3529 2134 3570 470 6065 7207 3952 4347 2518 592 9604 7527
41  8590 9498 3632 6475 7244 5153 7384 1036 8624 3044 4244 3552 6315 1611 9262 6400 9553 8702 9624 4103 4054 5884 5252 1789 8023 8480 4191 7210 7181 2925 4548 1875 6442 3161 8270 8640 8070 5698 7852 1327 6821
26  4246 352 766 5241 3775 1433 8463 2687 5303 2238 5396 8422 4351 9673 2077 278 5214 9609 669 5540 7102 5956 5943 8578 8597 5443
2  1271 276
12  3628 5336 7251 3772 68 5475 5555 5528 1531 6765 4560 8083
4  7343 2090 8500 1612
11  2496 6995 7625 6016 795 7842 4553 9329 9147 1095 163
18  846 8983 7704 4794 548 1468 1258 3489 9182 5875 743 4950 9393 6971 4048 3934 6615 6744
15  9288 7279 5298 8324 421 3898 3412 2914 2970 8560 3096 4365 6426 5104 5752
44  6425 6687 275 6003 3201 4896 1862 7719 9917 7284 9368 5440 6820 2924 8862 9090 1166 1493 8614 3535 6802 9893 6714 7546 1047 5487 4438 6204 4033 9674 9140 5484 3895 2309 3204 7803 4704 303 6965 2806 4648 5628 8313 1781
55  8447 6597 610 4304 6580 3267 1236 6485 5478 53 8738 4816 4744 5663 5141 6116 7827 1107 6477 242 9313 423 8474 4024 542 3538 8382 2579 206 1455 4755 8359 8342 3725 6158 5437 9605 4620 1705 8559 9563 2514 3173 9542 2712 7810 731 5231 5685 1629 2571 8981 5809 6654 891
9  4632 5195 3681 3258 3119 3082 8694 4131 6091
33  3929 9907 4104 15 7605 4486 456 7375 7155 6977 7912 3927 183 9169 2692 3567 7834 4149 8028 6861 8867 5283 7819 3787 401 7814 7945 6095 5203 2932 1775 2222 5858
58  9850 5345 479 2945 2568 5174 3820 4946 5081 8196 8319 2975 716 3805 6940 8843 588 2299 5957 9405 7143 8119 744 3378 1652 8571 481 8082 9174 1931 1523 5617 4860 7023 2246 7578 3329 9509 1741 8156 5980 8233 8291 500 2974 9316 3255 8138 7573 7624 148 6087 7582 2473 4886 508 1884 9911
10  9447 6677 4784 8784 5736 8771 9731 9841 7921 8619
12  6683 2614 7650 3950 2965 4 9966 3953 8282 1398 5726 7430
4  7216 9791 6001 7720
49  9243 5610 6292 1740 6554 1794 4030 899 6566 930 5368 5346 6873 5006 3152 1719 4598 6156 8796 1171 1706 7167 1409 7725 4312 3180 6175 9547 3963 7088 9595 99 6742 2006 4855 7199 8550 3463 693 9453 9359 6846 5299 5270 3920 8942 7238 5356 713
46  5967 726 4757 7574 4806 6604 4670 9512 7366 1901 3466 5380 6239 9508 195 18 7799 6541 7440 8045 4979 2483 5571 1583 9572 4790 9181 5686 2383 2751 4150 3948 1686 7972 2896 9523 6040 7601 3706 7595 1108 4850 1337 5819 5660 4705
31  8128 553 9754 1390 1267 5598 2147 9974 1210 3992 5680 1961 5829 9721 7679 4286 8201 5384 7291 6800 1872 7815 4679 878 1431 5238 5781 5530 594 8652 8602
10  1062 8468 3551 2793 5771 2813 6888 5886 4976 9621
24  286 5595 5583 1247 4568 554 1704 8678 5721 5206 5069 8017 854 5917 1816 1186 288 8781 5112 2519 5714 8421 4694 3238
20  6347 2746 9115 9546 7467 8831 5742 9406 4350 4015 9260 5059 5119 4163 6233 2083 8511 5297 9973 8988
24  2795 4797 7475 7383 8701 5066 721 1260 7436 5945 629 304 4175 3716 9629 1715 8697 7637 9971 1473 9645 7424 1991 5489
66  4236 476 1339 8177 9336 2000 3972 8870 3339 2933 6033 6252 3194 7122 7039 7863 9689 6318 560 9029 4440 9575 5327 9247 6460 7213 9502 636 9664 8189 7387 7824 822 6552 7771 1023 4375 1589 7531 2986 1182 54 4988 9780 300 7525 6976 4028 9897 9269 5754 776 8822 6132 348 4863 3915 3052 488 7504 7685 5871 4330 3296 3357 4731
14  3503 7439 8971 6754 8027 910 8717 3149 9732 5942 9073 8540 4386 8261
31  7222 3991 4066 5553 4703 2710 3300 9356 466 91 3479 2096 3225 6267 3114 7349 8791 703 3949 1243 6616 5435 3033 164 7891 7538 7299 1397 7315 7471 6179
50  6154 6959 4152 2664 5520 2752 6278 9515 8751 2168 8714 1907 294 8615 2555 4362 7461 5709 1500 6619 7480 8160 1443 3081 7553 6068 5734 9586 2067 4954 1010 8416 3979 8582 1486 7726 3421 575 6184 2487 4590 3345 5618 1464 9916 3226 6823 7261 3962 2516
6  8406 6600 5532 1424 5134 5545
15  1035 9055 1342 7988 513 6643 3335 7872 5580 2591 5587 5506 8454 7347 3341
12  5049 4338 9052 3574 3499 7676 2432 6306 6768 8972 52 101
7  2335 1712 4944 1807 7380 8952 2152
11  5939 4392 5938 2855 979 1462 7147 3272 8375 8913 1487
20  6319 5008 4507 6046 9951 2293 3735 3410 6876 2394 3275 8418 9719 2126 8549 4250 4165 9241 7728 4739
24  8432 81 970 7203 5514 7877 6025 5259 4430 403 7404 2720 5611 4835 5988 7655 4419 9163 1954 6625 6055 2157 8683 9607
47  1364 7329 8565 9743 2524 8134 6672 4720 3058 2153 353 6224 7830 4284 6693 1524 5791 1988 7958 8734 2548 9809 9497 3020 5347 1034 6378 527 564 2397 2539 9750 5768 5661 1920 7443 5395 5441 7429 4376 1244 4658 1935 3314 1948 832 8231
15  1893 6214 2954 5965 502 3637 620 6182 4601 4603 8185 1929 3893 1621 8020
4  1060 4701 5041 612
18  698 8543 6062 9117 9568 8297 2482 8797 7120 8130 2472 1245 2136 0 6817 939 6276 1242
26  551 5984 2649 89 4807 2071 5100 2280 7038 2183 3508 4363 1661 6129 7104 8094 8142 1744 8015 1761 3010 4986 7663 9455 143 339
1  6720
27  8568 5245 3911 8205 7397 1196 5492 5324 8481 3462 9669 4824 2570 9385 4777 1152 9806 6407 3268 273 1024 6563 9772 5181 2767 7528 4186
12  4989 5237 2599 3618 3903 6411 6519 8754 5682 6658 4795 8970
8  9166 6168 4214 888 7278 2409 9437 4452
17  6931 3575 6635 2985 7965 3468 1533 7362 7174 5779 3957 7568 9847 3580 2493 224 2585
70  8366 7984 8657 2874 3765 4773 1768 5400 6794 4997 3398 3835 6188 5068 1749 3813 5659 1694 7610 5055 4684 332 5474 8325 6989 3262 1189 1435 4497 1104 4856 532 1419 2030 161 8260 8089 546 3925 8760 5192 7328 2891 7036 4293 4178 1215 4732 1724 6705 2547 9281 452 7352 7767 4544 3986 4281 4547 5830 3686 916 5905 5417 4379 9311 1303 2408 781 4295
7  4057 6294 9506 4622 9397 3806 863
70  2803 1031 661 7512 5140 8188 823 1857 7998 3447 6751 5575 6139 8690 186 2079 6981 8706 8902 808 7520 1112 828 3084 1479 6209 4468 1580 5615 9924 6713 1594 4584 2261 3237 5582 3157 4961 6325 8779 859 3111 7125 9034 8810 6832 1957 8522 4416 3614 2559 6577 2626 5386 7332 8219 3909 4061 9253 6366 7477 344 4688 2248 2311 8708 3988 7542 1305 3014
4  7946 3833 4754 1325
23  7494 4878 9913 1805 446 7402 8399 879 5082 4697 8794 1269 3105 5023 5749 9562 1082 5508 5429 5397 6780 2708 379
